2024-11-29 12:59:55,623 [DEBUG] CloudFormation client initialized with endpoint https://cloudformation.us-east-1.amazonaws.com
2024-11-29 12:59:55,623 [DEBUG] SQS client initialized with endpoint https://sqs.us-east-1.amazonaws.com
2024-11-29 12:59:55,623 [DEBUG] CloudFormation client initialized with endpoint https://cloudformation.us-east-1.amazonaws.com
2024-11-29 12:59:55,623 [DEBUG] Enabled single threading mode.
2024-11-29 12:59:55,623 [DEBUG] Creating /var/lib/cfn-hup/data
2024-11-29 12:59:55,633 [INFO] No umask value specified in config file. Using the default one: 0o22
2024-11-29 12:59:55,761 [INFO] Pid: 2368
2024-11-29 12:59:56,195 [INFO] Refreshing listener credentials
2024-11-29 12:59:56,349 [INFO] Scheduling next credential refresh in 1799.0 seconds
2024-11-29 13:02:24,460 [INFO] Received command ElasticBeanstalkCommand-AWSEBAutoScalingGroup (invocation id: 818eaae5-cb3c-46bb-8fc2-c2ec8d10dec4)
2024-11-29 13:02:24,460 [INFO] Running action for aws-eb-command-handler
2024-11-29 13:02:56,887 [INFO] Action for aws-eb-command-handler succeeded, returning SUCCESS
2024-11-29 13:04:57,340 [INFO] command processing is alive.
2024-11-29 13:09:58,078 [INFO] command processing is alive.
2024-11-29 13:14:58,841 [INFO] command processing is alive.
2024-11-29 13:19:59,520 [INFO] command processing is alive.
2024-11-29 13:25:00,215 [INFO] command processing is alive.
2024-11-29 13:29:55,350 [INFO] Refreshing listener credentials
2024-11-29 13:29:55,466 [INFO] Scheduling next credential refresh in 1799.0 seconds
2024-11-29 13:30:00,877 [INFO] command processing is alive.
2024-11-29 13:35:01,566 [INFO] command processing is alive.
2024-11-29 13:40:02,245 [INFO] command processing is alive.
2024-11-29 13:45:02,917 [INFO] command processing is alive.
2024-11-29 13:50:03,593 [INFO] command processing is alive.
2024-11-29 13:55:04,257 [INFO] command processing is alive.
2024-11-29 13:59:54,466 [INFO] Refreshing listener credentials
2024-11-29 13:59:54,572 [INFO] Scheduling next credential refresh in 1799.0 seconds
2024-11-29 14:00:04,930 [INFO] command processing is alive.
2024-11-29 14:05:05,595 [INFO] command processing is alive.
2024-11-29 14:10:06,273 [INFO] command processing is alive.
2024-11-29 14:15:06,997 [INFO] command processing is alive.
2024-11-29 14:20:07,673 [INFO] command processing is alive.
2024-11-29 14:25:08,342 [INFO] command processing is alive.
2024-11-29 14:29:53,573 [INFO] Refreshing listener credentials
2024-11-29 14:29:53,675 [INFO] Scheduling next credential refresh in 1799.0 seconds
2024-11-29 14:30:09,016 [INFO] command processing is alive.
2024-11-29 14:35:09,706 [INFO] command processing is alive.
2024-11-29 14:40:10,384 [INFO] command processing is alive.
2024-11-29 14:45:11,073 [INFO] command processing is alive.
2024-11-29 14:50:11,728 [INFO] command processing is alive.
2024-11-29 14:55:12,394 [INFO] command processing is alive.
2024-11-29 14:59:52,675 [INFO] Refreshing listener credentials
2024-11-29 14:59:52,778 [INFO] Scheduling next credential refresh in 1799.0 seconds
2024-11-29 15:00:13,058 [INFO] command processing is alive.
2024-11-29 15:05:13,731 [INFO] command processing is alive.
2024-11-29 15:10:14,416 [INFO] command processing is alive.
2024-11-29 15:15:15,106 [INFO] command processing is alive.
2024-11-29 15:20:15,784 [INFO] command processing is alive.
2024-11-29 15:25:16,452 [INFO] command processing is alive.
2024-11-29 15:29:51,779 [INFO] Refreshing listener credentials
2024-11-29 15:29:51,876 [INFO] Scheduling next credential refresh in 1799.0 seconds
2024-11-29 15:30:17,126 [INFO] command processing is alive.
2024-11-29 15:35:17,889 [INFO] command processing is alive.
2024-11-29 15:40:18,570 [INFO] command processing is alive.
2024-11-29 15:45:19,251 [INFO] command processing is alive.
2024-11-29 15:50:19,910 [INFO] command processing is alive.
2024-11-29 15:55:20,577 [INFO] command processing is alive.
2024-11-29 15:59:50,877 [INFO] Refreshing listener credentials
2024-11-29 15:59:50,983 [INFO] Scheduling next credential refresh in 1799.0 seconds
2024-11-29 16:00:21,249 [INFO] command processing is alive.
2024-11-29 16:05:21,955 [INFO] command processing is alive.
2024-11-29 16:10:22,636 [INFO] command processing is alive.
2024-11-29 16:15:23,313 [INFO] command processing is alive.
2024-11-29 16:20:24,005 [INFO] command processing is alive.
2024-11-29 16:25:24,681 [INFO] command processing is alive.
2024-11-29 16:29:49,984 [INFO] Refreshing listener credentials
2024-11-29 16:29:50,087 [INFO] Scheduling next credential refresh in 1799.0 seconds
2024-11-29 16:30:25,371 [INFO] command processing is alive.
2024-11-29 16:35:26,062 [INFO] command processing is alive.
2024-11-29 16:40:26,742 [INFO] command processing is alive.
2024-11-29 16:45:27,427 [INFO] command processing is alive.
2024-11-29 16:47:04,967 [INFO] Received command ElasticBeanstalkCommand-AWSEBAutoScalingGroup (invocation id: 9f875474-7432-45f1-81c3-d5eab979a4fb)
2024-11-29 16:47:04,968 [INFO] Running action for aws-eb-command-handler
2024-11-29 16:47:05,795 [INFO] Action for aws-eb-command-handler succeeded, returning SUCCESS
2024-11-29 16:47:47,934 [INFO] Received command ElasticBeanstalkCommand-AWSEBAutoScalingGroup (invocation id: 07a8f4af-e1c7-482a-b20c-3b1edb34cdbc)
2024-11-29 16:47:47,934 [INFO] Running action for aws-eb-command-handler
2024-11-29 16:47:48,685 [INFO] Action for aws-eb-command-handler succeeded, returning SUCCESS
2024-11-29 16:50:29,173 [INFO] command processing is alive.
2024-11-29 16:55:29,935 [INFO] command processing is alive.
2024-11-29 16:59:49,087 [INFO] Refreshing listener credentials
2024-11-29 16:59:49,195 [INFO] Scheduling next credential refresh in 1799.0 seconds
2024-11-29 17:00:30,604 [INFO] command processing is alive.
2024-11-29 17:05:31,298 [INFO] command processing is alive.
2024-11-29 17:10:31,969 [INFO] command processing is alive.
2024-11-29 17:15:32,678 [INFO] command processing is alive.
2024-11-29 17:20:33,354 [INFO] command processing is alive.
2024-11-29 17:25:34,021 [INFO] command processing is alive.
2024-11-29 17:29:48,195 [INFO] Refreshing listener credentials
2024-11-29 17:29:48,309 [INFO] Scheduling next credential refresh in 1799.0 seconds
2024-11-29 17:30:34,755 [INFO] command processing is alive.
2024-11-29 17:35:35,420 [INFO] command processing is alive.
2024-11-29 17:40:36,121 [INFO] command processing is alive.
2024-11-29 17:45:36,790 [INFO] command processing is alive.
2024-11-29 17:50:37,450 [INFO] command processing is alive.
2024-11-29 17:55:38,110 [INFO] command processing is alive.
2024-11-29 17:59:47,310 [INFO] Refreshing listener credentials
2024-11-29 17:59:47,420 [INFO] Scheduling next credential refresh in 1799.0 seconds
2024-11-29 18:00:38,790 [INFO] command processing is alive.
2024-11-29 18:05:39,457 [INFO] command processing is alive.
2024-11-29 18:10:40,142 [INFO] command processing is alive.
2024-11-29 18:15:40,838 [INFO] command processing is alive.
2024-11-29 18:20:41,530 [INFO] command processing is alive.
2024-11-29 18:25:42,203 [INFO] command processing is alive.
2024-11-29 18:29:46,421 [INFO] Refreshing listener credentials
2024-11-29 18:29:46,523 [INFO] Scheduling next credential refresh in 1799.0 seconds
2024-11-29 18:30:42,881 [INFO] command processing is alive.
2024-11-29 18:35:43,565 [INFO] command processing is alive.
2024-11-29 18:40:44,253 [INFO] command processing is alive.
2024-11-29 18:45:44,920 [INFO] command processing is alive.
2024-11-29 18:50:45,608 [INFO] command processing is alive.
2024-11-29 18:55:46,284 [INFO] command processing is alive.
2024-11-29 18:59:45,523 [INFO] Refreshing listener credentials
2024-11-29 18:59:45,626 [INFO] Scheduling next credential refresh in 1799.0 seconds
2024-11-29 19:00:46,948 [INFO] command processing is alive.
2024-11-29 19:05:47,668 [INFO] command processing is alive.
2024-11-29 19:10:48,343 [INFO] command processing is alive.
2024-11-29 19:15:49,002 [INFO] command processing is alive.
2024-11-29 19:20:49,678 [INFO] command processing is alive.
2024-11-29 19:25:50,368 [INFO] command processing is alive.
2024-11-29 19:29:44,627 [INFO] Refreshing listener credentials
2024-11-29 19:29:44,720 [INFO] Scheduling next credential refresh in 1799.0 seconds
2024-11-29 19:30:51,036 [INFO] command processing is alive.
2024-11-29 19:35:51,714 [INFO] command processing is alive.
2024-11-29 19:40:52,396 [INFO] command processing is alive.
2024-11-29 19:45:53,108 [INFO] command processing is alive.
2024-11-29 19:50:53,828 [INFO] command processing is alive.
2024-11-29 19:55:54,519 [INFO] command processing is alive.
2024-11-29 19:59:43,721 [INFO] Refreshing listener credentials
2024-11-29 19:59:43,817 [INFO] Scheduling next credential refresh in 1799.0 seconds
2024-11-29 20:00:55,206 [INFO] command processing is alive.
2024-11-29 20:05:55,880 [INFO] command processing is alive.
2024-11-29 20:10:56,628 [INFO] command processing is alive.
2024-11-29 20:15:57,373 [INFO] command processing is alive.
2024-11-29 20:20:58,072 [INFO] command processing is alive.
2024-11-29 20:25:58,756 [INFO] command processing is alive.
2024-11-29 20:27:41,583 [INFO] Received command ElasticBeanstalkCommand-AWSEBAutoScalingGroup (invocation id: e0a6fbe0-6ff9-46dc-8703-b5245bdc23e4)
2024-11-29 20:27:41,584 [INFO] Running action for aws-eb-command-handler
2024-11-29 20:27:42,340 [INFO] Action for aws-eb-command-handler succeeded, returning SUCCESS
2024-11-29 20:29:42,818 [INFO] Refreshing listener credentials
2024-11-29 20:29:42,923 [INFO] Scheduling next credential refresh in 1799.0 seconds
2024-11-29 20:31:02,882 [INFO] command processing is alive.
2024-11-29 20:36:03,576 [INFO] command processing is alive.
2024-11-29 20:41:04,272 [INFO] command processing is alive.
2024-11-29 20:42:16,679 [INFO] Received command ElasticBeanstalkCommand-AWSEBAutoScalingGroup (invocation id: ff9efa81-5466-4131-97da-f55cf914017b)
2024-11-29 20:42:16,679 [INFO] Running action for aws-eb-command-handler
2024-11-29 20:42:28,116 [INFO] Action for aws-eb-command-handler succeeded, returning SUCCESS
2024-11-29 20:46:08,784 [INFO] command processing is alive.
2024-11-29 20:51:09,467 [INFO] command processing is alive.
2024-11-29 20:56:10,148 [INFO] command processing is alive.
2024-11-29 20:59:41,923 [INFO] Refreshing listener credentials
2024-11-29 20:59:42,043 [INFO] Scheduling next credential refresh in 1799.0 seconds
2024-11-29 21:01:10,857 [INFO] command processing is alive.
2024-11-29 21:06:11,547 [INFO] command processing is alive.
2024-11-29 21:11:12,238 [INFO] command processing is alive.
2024-11-29 21:16:12,926 [INFO] command processing is alive.
2024-11-29 21:21:13,687 [INFO] command processing is alive.
2024-11-29 21:26:14,354 [INFO] command processing is alive.
2024-11-29 21:29:41,044 [INFO] Refreshing listener credentials
2024-11-29 21:29:41,137 [INFO] Scheduling next credential refresh in 1799.0 seconds
2024-11-29 21:31:15,030 [INFO] command processing is alive.
2024-11-29 21:36:15,700 [INFO] command processing is alive.
2024-11-29 21:41:16,365 [INFO] command processing is alive.
2024-11-29 21:46:17,036 [INFO] command processing is alive.
2024-11-29 21:51:17,758 [INFO] command processing is alive.
2024-11-29 21:56:18,430 [INFO] command processing is alive.
2024-11-29 21:59:40,137 [INFO] Refreshing listener credentials
2024-11-29 21:59:40,223 [INFO] Scheduling next credential refresh in 1799.0 seconds
2024-11-29 22:01:19,224 [INFO] command processing is alive.
2024-11-29 22:06:19,897 [INFO] command processing is alive.
2024-11-29 22:11:20,571 [INFO] command processing is alive.
2024-11-29 22:16:21,240 [INFO] command processing is alive.
2024-11-29 22:21:21,927 [INFO] command processing is alive.
2024-11-29 22:26:22,630 [INFO] command processing is alive.
2024-11-29 22:29:39,223 [INFO] Refreshing listener credentials
2024-11-29 22:29:39,318 [INFO] Scheduling next credential refresh in 1799.0 seconds
2024-11-29 22:31:23,314 [INFO] command processing is alive.
2024-11-29 22:36:24,098 [INFO] command processing is alive.
2024-11-29 22:41:24,774 [INFO] command processing is alive.
2024-11-29 22:46:25,442 [INFO] command processing is alive.
2024-11-29 22:51:26,151 [INFO] command processing is alive.
2024-11-29 22:56:26,845 [INFO] command processing is alive.
2024-11-29 22:59:38,319 [INFO] Refreshing listener credentials
2024-11-29 22:59:38,424 [INFO] Scheduling next credential refresh in 1799.0 seconds
2024-11-29 23:01:27,599 [INFO] command processing is alive.
2024-11-29 23:06:28,383 [INFO] command processing is alive.
2024-11-29 23:11:29,141 [INFO] command processing is alive.
2024-11-29 23:16:29,804 [INFO] command processing is alive.
2024-11-29 23:21:30,471 [INFO] command processing is alive.
2024-11-29 23:26:31,157 [INFO] command processing is alive.
2024-11-29 23:29:37,424 [INFO] Refreshing listener credentials
2024-11-29 23:29:37,536 [INFO] Scheduling next credential refresh in 1799.0 seconds
2024-11-29 23:31:31,820 [INFO] command processing is alive.
2024-11-29 23:36:32,483 [INFO] command processing is alive.
2024-11-29 23:41:33,141 [INFO] command processing is alive.
2024-11-29 23:46:33,809 [INFO] command processing is alive.
2024-11-29 23:51:34,476 [INFO] command processing is alive.
2024-11-29 23:56:35,127 [INFO] command processing is alive.
2024-11-29 23:59:36,536 [INFO] Refreshing listener credentials
2024-11-29 23:59:36,626 [INFO] Scheduling next credential refresh in 1799.0 seconds
2024-11-30 00:01:35,794 [INFO] command processing is alive.
2024-11-30 00:06:36,469 [INFO] command processing is alive.
2024-11-30 00:11:37,152 [INFO] command processing is alive.
2024-11-30 00:16:37,854 [INFO] command processing is alive.
2024-11-30 00:21:38,535 [INFO] command processing is alive.
2024-11-30 00:26:39,210 [INFO] command processing is alive.
2024-11-30 00:29:35,626 [INFO] Refreshing listener credentials
2024-11-30 00:29:35,721 [INFO] Scheduling next credential refresh in 1799.0 seconds
2024-11-30 00:31:39,961 [INFO] command processing is alive.
2024-11-30 00:36:40,638 [INFO] command processing is alive.
2024-11-30 00:41:41,371 [INFO] command processing is alive.
2024-11-30 00:46:42,061 [INFO] command processing is alive.
2024-11-30 00:51:42,719 [INFO] command processing is alive.
2024-11-30 00:56:43,460 [INFO] command processing is alive.
2024-11-30 00:59:34,722 [INFO] Refreshing listener credentials
2024-11-30 00:59:34,817 [INFO] Scheduling next credential refresh in 1799.0 seconds
2024-11-30 01:01:44,208 [INFO] command processing is alive.
2024-11-30 01:06:44,881 [INFO] command processing is alive.
2024-11-30 01:11:45,560 [INFO] command processing is alive.
2024-11-30 01:16:46,234 [INFO] command processing is alive.
2024-11-30 01:21:46,895 [INFO] command processing is alive.
2024-11-30 01:26:47,560 [INFO] command processing is alive.
2024-11-30 01:29:33,818 [INFO] Refreshing listener credentials
2024-11-30 01:29:33,927 [INFO] Scheduling next credential refresh in 1799.0 seconds
2024-11-30 01:31:48,234 [INFO] command processing is alive.
2024-11-30 01:36:48,897 [INFO] command processing is alive.
2024-11-30 01:41:49,563 [INFO] command processing is alive.
2024-11-30 01:46:50,225 [INFO] command processing is alive.
2024-11-30 01:51:50,893 [INFO] command processing is alive.
2024-11-30 01:56:51,551 [INFO] command processing is alive.
2024-11-30 01:59:32,927 [INFO] Refreshing listener credentials
2024-11-30 01:59:33,024 [INFO] Scheduling next credential refresh in 1799.0 seconds
2024-11-30 02:01:52,220 [INFO] command processing is alive.
2024-11-30 02:06:52,892 [INFO] command processing is alive.
2024-11-30 02:11:53,556 [INFO] command processing is alive.
2024-11-30 02:16:54,271 [INFO] command processing is alive.
2024-11-30 02:21:55,030 [INFO] command processing is alive.
2024-11-30 02:26:55,706 [INFO] command processing is alive.
2024-11-30 02:29:32,024 [INFO] Refreshing listener credentials
2024-11-30 02:29:32,123 [INFO] Scheduling next credential refresh in 1799.0 seconds
2024-11-30 02:31:56,378 [INFO] command processing is alive.
2024-11-30 02:36:57,046 [INFO] command processing is alive.
2024-11-30 02:41:57,768 [INFO] command processing is alive.
2024-11-30 02:46:58,435 [INFO] command processing is alive.
2024-11-30 02:51:59,151 [INFO] command processing is alive.
2024-11-30 02:56:59,820 [INFO] command processing is alive.
2024-11-30 02:59:31,124 [INFO] Refreshing listener credentials
2024-11-30 02:59:31,222 [INFO] Scheduling next credential refresh in 1799.0 seconds
2024-11-30 03:02:00,490 [INFO] command processing is alive.
2024-11-30 03:07:01,172 [INFO] command processing is alive.
2024-11-30 03:12:01,859 [INFO] command processing is alive.
2024-11-30 03:17:02,527 [INFO] command processing is alive.
2024-11-30 03:22:03,203 [INFO] command processing is alive.
2024-11-30 03:27:03,892 [INFO] command processing is alive.
2024-11-30 03:29:30,223 [INFO] Refreshing listener credentials
2024-11-30 03:29:30,326 [INFO] Scheduling next credential refresh in 1799.0 seconds
2024-11-30 03:32:04,570 [INFO] command processing is alive.
2024-11-30 03:37:05,264 [INFO] command processing is alive.
2024-11-30 03:42:05,925 [INFO] command processing is alive.
2024-11-30 03:47:06,640 [INFO] command processing is alive.
2024-11-30 03:52:07,360 [INFO] command processing is alive.
2024-11-30 03:57:08,035 [INFO] command processing is alive.
2024-11-30 03:59:29,326 [INFO] Refreshing listener credentials
2024-11-30 03:59:29,423 [INFO] Scheduling next credential refresh in 1799.0 seconds
2024-11-30 04:02:08,703 [INFO] command processing is alive.
2024-11-30 04:07:09,437 [INFO] command processing is alive.
2024-11-30 04:12:10,105 [INFO] command processing is alive.
2024-11-30 04:17:10,771 [INFO] command processing is alive.
2024-11-30 04:22:11,439 [INFO] command processing is alive.
2024-11-30 04:27:12,129 [INFO] command processing is alive.
2024-11-30 04:29:28,423 [INFO] Refreshing listener credentials
2024-11-30 04:29:28,541 [INFO] Scheduling next credential refresh in 1799.0 seconds
2024-11-30 04:32:12,800 [INFO] command processing is alive.
2024-11-30 04:37:13,505 [INFO] command processing is alive.
2024-11-30 04:42:14,179 [INFO] command processing is alive.
2024-11-30 04:47:14,843 [INFO] command processing is alive.
2024-11-30 04:52:15,600 [INFO] command processing is alive.
2024-11-30 04:57:16,271 [INFO] command processing is alive.
2024-11-30 04:59:27,542 [INFO] Refreshing listener credentials
2024-11-30 04:59:27,644 [INFO] Scheduling next credential refresh in 1799.0 seconds
2024-11-30 05:02:16,979 [INFO] command processing is alive.
2024-11-30 05:07:17,663 [INFO] command processing is alive.
2024-11-30 05:12:18,376 [INFO] command processing is alive.
2024-11-30 05:17:19,094 [INFO] command processing is alive.
2024-11-30 05:22:19,758 [INFO] command processing is alive.
2024-11-30 05:27:20,425 [INFO] command processing is alive.
2024-11-30 05:29:26,644 [INFO] Refreshing listener credentials
2024-11-30 05:29:26,755 [INFO] Scheduling next credential refresh in 1799.0 seconds
2024-11-30 05:32:21,094 [INFO] command processing is alive.
2024-11-30 05:37:21,793 [INFO] command processing is alive.
2024-11-30 05:42:22,474 [INFO] command processing is alive.
2024-11-30 05:47:23,157 [INFO] command processing is alive.
2024-11-30 05:52:23,832 [INFO] command processing is alive.
2024-11-30 05:57:24,500 [INFO] command processing is alive.
2024-11-30 05:59:25,756 [INFO] Refreshing listener credentials
2024-11-30 05:59:25,851 [INFO] Scheduling next credential refresh in 1799.0 seconds
2024-11-30 06:02:25,165 [INFO] command processing is alive.
2024-11-30 06:07:25,852 [INFO] command processing is alive.
2024-11-30 06:12:26,575 [INFO] command processing is alive.
2024-11-30 06:17:27,235 [INFO] command processing is alive.
2024-11-30 06:22:27,914 [INFO] command processing is alive.
2024-11-30 06:27:28,585 [INFO] command processing is alive.
2024-11-30 06:29:24,851 [INFO] Refreshing listener credentials
2024-11-30 06:29:24,968 [INFO] Scheduling next credential refresh in 1799.0 seconds
2024-11-30 06:32:29,259 [INFO] command processing is alive.
2024-11-30 06:37:29,932 [INFO] command processing is alive.
2024-11-30 06:42:30,597 [INFO] command processing is alive.
2024-11-30 06:47:31,258 [INFO] command processing is alive.
2024-11-30 06:52:31,940 [INFO] command processing is alive.
2024-11-30 06:57:32,665 [INFO] command processing is alive.
2024-11-30 06:59:23,969 [INFO] Refreshing listener credentials
2024-11-30 06:59:24,069 [INFO] Scheduling next credential refresh in 1799.0 seconds
2024-11-30 07:02:33,366 [INFO] command processing is alive.
2024-11-30 07:07:34,031 [INFO] command processing is alive.
2024-11-30 07:12:34,746 [INFO] command processing is alive.
2024-11-30 07:17:35,427 [INFO] command processing is alive.
2024-11-30 07:22:36,095 [INFO] command processing is alive.
2024-11-30 07:27:36,765 [INFO] command processing is alive.
2024-11-30 07:29:23,069 [INFO] Refreshing listener credentials
2024-11-30 07:29:23,160 [INFO] Scheduling next credential refresh in 1799.0 seconds
2024-11-30 07:32:37,491 [INFO] command processing is alive.
2024-11-30 07:37:38,203 [INFO] command processing is alive.
2024-11-30 07:42:38,871 [INFO] command processing is alive.
2024-11-30 07:47:39,537 [INFO] command processing is alive.
2024-11-30 07:52:40,201 [INFO] command processing is alive.
2024-11-30 07:57:40,893 [INFO] command processing is alive.
2024-11-30 07:59:22,160 [INFO] Refreshing listener credentials
2024-11-30 07:59:22,257 [INFO] Scheduling next credential refresh in 1799.0 seconds
2024-11-30 08:02:41,599 [INFO] command processing is alive.
2024-11-30 08:07:42,292 [INFO] command processing is alive.
2024-11-30 08:12:42,974 [INFO] command processing is alive.
2024-11-30 08:17:43,659 [INFO] command processing is alive.
2024-11-30 08:22:44,327 [INFO] command processing is alive.
2024-11-30 08:27:44,993 [INFO] command processing is alive.
2024-11-30 08:29:21,258 [INFO] Refreshing listener credentials
2024-11-30 08:29:21,370 [INFO] Scheduling next credential refresh in 1799.0 seconds
2024-11-30 08:32:45,663 [INFO] command processing is alive.
2024-11-30 08:37:46,385 [INFO] command processing is alive.
2024-11-30 08:42:47,057 [INFO] command processing is alive.
2024-11-30 08:47:47,716 [INFO] command processing is alive.
2024-11-30 08:52:48,371 [INFO] command processing is alive.
2024-11-30 08:57:49,081 [INFO] command processing is alive.
2024-11-30 08:59:20,371 [INFO] Refreshing listener credentials
2024-11-30 08:59:20,459 [INFO] Scheduling next credential refresh in 1799.0 seconds
2024-11-30 09:02:49,752 [INFO] command processing is alive.
2024-11-30 09:07:50,420 [INFO] command processing is alive.
2024-11-30 09:12:51,080 [INFO] command processing is alive.
2024-11-30 09:17:51,792 [INFO] command processing is alive.
2024-11-30 09:22:52,445 [INFO] command processing is alive.
2024-11-30 09:27:53,116 [INFO] command processing is alive.
2024-11-30 09:29:19,460 [INFO] Refreshing listener credentials
2024-11-30 09:29:19,571 [INFO] Scheduling next credential refresh in 1799.0 seconds
2024-11-30 09:32:53,778 [INFO] command processing is alive.
2024-11-30 09:37:54,449 [INFO] command processing is alive.
2024-11-30 09:42:55,109 [INFO] command processing is alive.
2024-11-30 09:47:55,789 [INFO] command processing is alive.
2024-11-30 09:52:56,483 [INFO] command processing is alive.
2024-11-30 09:57:57,160 [INFO] command processing is alive.
2024-11-30 09:59:18,571 [INFO] Refreshing listener credentials
2024-11-30 09:59:18,666 [INFO] Scheduling next credential refresh in 1799.0 seconds
2024-11-30 10:02:57,841 [INFO] command processing is alive.
2024-11-30 10:07:58,514 [INFO] command processing is alive.
2024-11-30 10:12:59,179 [INFO] command processing is alive.
2024-11-30 10:17:59,836 [INFO] command processing is alive.
2024-11-30 10:23:00,557 [INFO] command processing is alive.
2024-11-30 10:25:53,000 [INFO] Received command ElasticBeanstalkCommand-AWSEBAutoScalingGroup (invocation id: d474bf90-a577-4284-aba6-ac9c3a6b9923)
2024-11-30 10:25:53,000 [INFO] Running action for aws-eb-command-handler
2024-11-30 10:26:06,247 [INFO] Action for aws-eb-command-handler succeeded, returning SUCCESS
2024-11-30 10:28:06,679 [INFO] command processing is alive.
2024-11-30 10:29:17,666 [INFO] Refreshing listener credentials
2024-11-30 10:29:17,760 [INFO] Scheduling next credential refresh in 1799.0 seconds
2024-11-30 10:30:00,986 [INFO] Received command ElasticBeanstalkCommand-AWSEBAutoScalingGroup (invocation id: 8f03f987-1737-425f-8e12-af5a98d8bc2b)
2024-11-30 10:30:00,986 [INFO] Running action for aws-eb-command-handler
2024-11-30 10:30:01,757 [INFO] Action for aws-eb-command-handler succeeded, returning SUCCESS
2024-11-30 10:33:22,318 [INFO] command processing is alive.
2024-11-30 10:33:29,571 [INFO] Received command ElasticBeanstalkCommand-AWSEBAutoScalingGroup (invocation id: 826b6398-2409-498e-a28b-967ce53d554d)
2024-11-30 10:33:29,571 [INFO] Running action for aws-eb-command-handler
2024-11-30 10:33:41,187 [INFO] Action for aws-eb-command-handler succeeded, returning SUCCESS
2024-11-30 10:34:52,519 [INFO] Received command ElasticBeanstalkCommand-AWSEBAutoScalingGroup (invocation id: 72c9a0ee-d845-4a02-9ba6-f4147a5c1c6c)
2024-11-30 10:34:52,520 [INFO] Running action for aws-eb-command-handler
2024-11-30 10:35:03,631 [INFO] Action for aws-eb-command-handler succeeded, returning SUCCESS
2024-11-30 10:38:24,246 [INFO] command processing is alive.
2024-11-30 10:39:01,846 [INFO] Received command ElasticBeanstalkCommand-AWSEBAutoScalingGroup (invocation id: f3e63b34-ddcb-4804-832e-df9976f16ac0)
2024-11-30 10:39:01,846 [INFO] Running action for aws-eb-command-handler
2024-11-30 10:39:02,595 [INFO] Action for aws-eb-command-handler succeeded, returning SUCCESS
2024-11-30 10:43:43,310 [INFO] command processing is alive.
2024-11-30 10:48:12,270 [INFO] Received command ElasticBeanstalkCommand-AWSEBAutoScalingGroup (invocation id: 46f205dc-c4c9-48b4-8b83-c8d196d045d6)
2024-11-30 10:48:12,270 [INFO] Running action for aws-eb-command-handler
2024-11-30 10:48:25,216 [INFO] Action for aws-eb-command-handler succeeded, returning SUCCESS
2024-11-30 10:48:45,444 [INFO] command processing is alive.
2024-11-30 10:50:21,569 [INFO] Received command ElasticBeanstalkCommand-AWSEBAutoScalingGroup (invocation id: 354b49ba-6903-4360-8860-1f0622815fec)
2024-11-30 10:50:21,569 [INFO] Running action for aws-eb-command-handler
2024-11-30 10:50:35,006 [INFO] Action for aws-eb-command-handler succeeded, returning SUCCESS
2024-11-30 10:51:10,148 [INFO] Received command ElasticBeanstalkCommand-AWSEBAutoScalingGroup (invocation id: 79ec4143-3fce-4f2e-853b-eeb7b23f280a)
2024-11-30 10:51:10,148 [INFO] Running action for aws-eb-command-handler
2024-11-30 10:51:11,316 [INFO] Action for aws-eb-command-handler succeeded, returning SUCCESS
2024-11-30 10:53:17,801 [INFO] Received command ElasticBeanstalkCommand-AWSEBAutoScalingGroup (invocation id: 21590660-41e3-402b-8ed9-c526f8f56f17)
2024-11-30 10:53:17,801 [INFO] Running action for aws-eb-command-handler
2024-11-30 10:53:18,931 [INFO] Action for aws-eb-command-handler succeeded, returning SUCCESS
2024-11-30 10:53:59,173 [INFO] command processing is alive.
2024-11-30 10:54:07,672 [INFO] Received command ElasticBeanstalkCommand-AWSEBAutoScalingGroup (invocation id: ba51db2a-ed2b-4964-94b9-4aaf23480f4f)
2024-11-30 10:54:07,672 [INFO] Running action for aws-eb-command-handler
2024-11-30 10:54:08,515 [INFO] Action for aws-eb-command-handler succeeded, returning SUCCESS
2024-11-30 10:59:09,312 [INFO] command processing is alive.
2024-11-30 10:59:16,760 [INFO] Refreshing listener credentials
2024-11-30 10:59:16,850 [INFO] Scheduling next credential refresh in 1799.0 seconds
2024-11-30 10:59:20,637 [INFO] Received command ElasticBeanstalkCommand-AWSEBAutoScalingGroup (invocation id: c9fd469b-4d73-4346-8c1b-f8a3022671ea)
2024-11-30 10:59:20,637 [INFO] Running action for aws-eb-command-handler
2024-11-30 10:59:33,516 [INFO] Action for aws-eb-command-handler succeeded, returning SUCCESS
2024-11-30 11:04:08,110 [INFO] Received command ElasticBeanstalkCommand-AWSEBAutoScalingGroup (invocation id: ea06c0a1-31ee-4af4-b99e-dbfaf93123e1)
2024-11-30 11:04:08,111 [INFO] Running action for aws-eb-command-handler
2024-11-30 11:04:09,289 [INFO] Action for aws-eb-command-handler succeeded, returning SUCCESS
2024-11-30 11:04:09,413 [INFO] command processing is alive.
2024-11-30 11:09:10,119 [INFO] command processing is alive.
2024-11-30 11:09:42,863 [INFO] Received command ElasticBeanstalkCommand-AWSEBAutoScalingGroup (invocation id: 32201976-4c1d-464d-a2fa-3318b4a848f0)
2024-11-30 11:09:42,863 [INFO] Running action for aws-eb-command-handler
2024-11-30 11:09:52,783 [INFO] Action for aws-eb-command-handler succeeded, returning SUCCESS
2024-11-30 11:13:52,243 [INFO] Received command ElasticBeanstalkCommand-AWSEBAutoScalingGroup (invocation id: 4874ab73-e11e-49f9-9404-b23780e1a313)
2024-11-30 11:13:52,243 [INFO] Running action for aws-eb-command-handler
2024-11-30 11:13:53,327 [INFO] Action for aws-eb-command-handler succeeded, returning SUCCESS
2024-11-30 11:14:13,519 [INFO] command processing is alive.
2024-11-30 11:14:43,800 [INFO] Received command ElasticBeanstalkCommand-AWSEBAutoScalingGroup (invocation id: af354744-914d-4b87-8dbd-113079628f26)
2024-11-30 11:14:43,800 [INFO] Running action for aws-eb-command-handler
2024-11-30 11:14:44,540 [INFO] Action for aws-eb-command-handler succeeded, returning SUCCESS
2024-11-30 11:18:04,874 [INFO] Received command ElasticBeanstalkCommand-AWSEBAutoScalingGroup (invocation id: 235323b3-6f42-44e2-bb46-6759665e563c)
2024-11-30 11:18:04,874 [INFO] Running action for aws-eb-command-handler
2024-11-30 11:18:18,077 [INFO] Action for aws-eb-command-handler succeeded, returning SUCCESS
2024-11-30 11:19:18,381 [INFO] command processing is alive.
2024-11-30 11:20:06,964 [INFO] Received command ElasticBeanstalkCommand-AWSEBAutoScalingGroup (invocation id: b4b30354-cf31-4e45-ab9a-7a88031ad482)
2024-11-30 11:20:06,965 [INFO] Running action for aws-eb-command-handler
2024-11-30 11:20:07,749 [INFO] Action for aws-eb-command-handler succeeded, returning SUCCESS
2024-11-30 11:24:28,516 [INFO] command processing is alive.
2024-11-30 11:29:15,850 [INFO] Refreshing listener credentials
2024-11-30 11:29:15,959 [INFO] Scheduling next credential refresh in 1799.0 seconds
2024-11-30 11:29:29,195 [INFO] command processing is alive.
2024-11-30 11:34:29,863 [INFO] command processing is alive.
2024-11-30 11:34:39,151 [INFO] Received command ElasticBeanstalkCommand-AWSEBAutoScalingGroup (invocation id: 83358a6e-9ff7-42ae-ac3a-e4253f7ce76c)
2024-11-30 11:34:39,151 [INFO] Running action for aws-eb-command-handler
2024-11-30 11:34:40,266 [INFO] Action for aws-eb-command-handler succeeded, returning SUCCESS
2024-11-30 11:35:43,617 [INFO] Received command ElasticBeanstalkCommand-AWSEBAutoScalingGroup (invocation id: e5a5289e-200e-48a0-bf00-c2315cc40f04)
2024-11-30 11:35:43,617 [INFO] Running action for aws-eb-command-handler
2024-11-30 11:35:44,395 [INFO] Action for aws-eb-command-handler succeeded, returning SUCCESS
2024-11-30 11:39:45,032 [INFO] command processing is alive.
2024-11-30 11:44:32,498 [INFO] Received command ElasticBeanstalkCommand-AWSEBAutoScalingGroup (invocation id: eb652b1b-7db0-465b-b0ed-64340831ad09)
2024-11-30 11:44:32,498 [INFO] Running action for aws-eb-command-handler
2024-11-30 11:44:46,597 [INFO] Action for aws-eb-command-handler succeeded, returning SUCCESS
2024-11-30 11:44:46,744 [INFO] command processing is alive.
2024-11-30 11:49:47,438 [INFO] command processing is alive.
2024-11-30 11:54:48,109 [INFO] command processing is alive.
2024-11-30 11:59:14,960 [INFO] Refreshing listener credentials
2024-11-30 11:59:15,053 [INFO] Scheduling next credential refresh in 1799.0 seconds
2024-11-30 11:59:48,780 [INFO] command processing is alive.
2024-11-30 12:04:49,472 [INFO] command processing is alive.
2024-11-30 12:09:50,133 [INFO] command processing is alive.
2024-11-30 12:14:45,888 [INFO] Received command ElasticBeanstalkCommand-AWSEBAutoScalingGroup (invocation id: 13b8cb14-da4c-4bbc-9478-88f2ee0eaff8)
2024-11-30 12:14:45,888 [INFO] Running action for aws-eb-command-handler
2024-11-30 12:14:58,722 [INFO] Action for aws-eb-command-handler succeeded, returning SUCCESS
2024-11-30 12:14:58,869 [INFO] command processing is alive.
2024-11-30 12:19:59,565 [INFO] command processing is alive.
2024-11-30 12:25:00,252 [INFO] command processing is alive.
2024-11-30 12:29:14,053 [INFO] Refreshing listener credentials
2024-11-30 12:29:14,180 [INFO] Scheduling next credential refresh in 1799.0 seconds
2024-11-30 12:30:00,961 [INFO] command processing is alive.
2024-11-30 12:35:01,642 [INFO] command processing is alive.
2024-11-30 12:40:02,328 [INFO] command processing is alive.
2024-11-30 12:45:03,053 [INFO] command processing is alive.
2024-11-30 12:50:03,769 [INFO] command processing is alive.
2024-11-30 12:55:04,439 [INFO] command processing is alive.
2024-11-30 12:59:13,181 [INFO] Refreshing listener credentials
2024-11-30 12:59:13,288 [INFO] Scheduling next credential refresh in 1799.0 seconds
2024-11-30 13:00:05,116 [INFO] command processing is alive.
2024-11-30 13:05:05,811 [INFO] command processing is alive.
2024-11-30 13:10:06,478 [INFO] command processing is alive.
2024-11-30 13:15:07,199 [INFO] command processing is alive.
2024-11-30 13:20:07,865 [INFO] command processing is alive.
2024-11-30 13:25:08,535 [INFO] command processing is alive.
2024-11-30 13:29:12,289 [INFO] Refreshing listener credentials
2024-11-30 13:29:12,393 [INFO] Scheduling next credential refresh in 1799.0 seconds
2024-11-30 13:30:09,200 [INFO] command processing is alive.
2024-11-30 13:35:09,909 [INFO] command processing is alive.
2024-11-30 13:40:10,581 [INFO] command processing is alive.
2024-11-30 13:45:11,259 [INFO] command processing is alive.
2024-11-30 13:50:11,920 [INFO] command processing is alive.
2024-11-30 13:55:12,600 [INFO] command processing is alive.
2024-11-30 13:59:11,394 [INFO] Refreshing listener credentials
2024-11-30 13:59:11,493 [INFO] Scheduling next credential refresh in 1799.0 seconds
2024-11-30 14:00:13,359 [INFO] command processing is alive.
2024-11-30 14:05:14,030 [INFO] command processing is alive.
2024-11-30 14:10:14,694 [INFO] command processing is alive.
2024-11-30 14:15:15,350 [INFO] command processing is alive.
2024-11-30 14:20:16,019 [INFO] command processing is alive.
2024-11-30 14:25:16,680 [INFO] command processing is alive.
2024-11-30 14:29:10,494 [INFO] Refreshing listener credentials
2024-11-30 14:29:10,589 [INFO] Scheduling next credential refresh in 1799.0 seconds
2024-11-30 14:30:17,405 [INFO] command processing is alive.
2024-11-30 14:35:18,085 [INFO] command processing is alive.
2024-11-30 14:40:18,756 [INFO] command processing is alive.
2024-11-30 14:45:19,421 [INFO] command processing is alive.
2024-11-30 14:50:20,087 [INFO] command processing is alive.
2024-11-30 14:55:20,760 [INFO] command processing is alive.
2024-11-30 14:59:09,589 [INFO] Refreshing listener credentials
2024-11-30 14:59:09,689 [INFO] Scheduling next credential refresh in 1799.0 seconds
2024-11-30 15:00:21,474 [INFO] command processing is alive.
2024-11-30 15:05:22,166 [INFO] command processing is alive.
2024-11-30 15:10:22,851 [INFO] command processing is alive.
2024-11-30 15:15:23,530 [INFO] command processing is alive.
2024-11-30 15:20:24,193 [INFO] command processing is alive.
2024-11-30 15:25:24,867 [INFO] command processing is alive.
2024-11-30 15:29:08,689 [INFO] Refreshing listener credentials
2024-11-30 15:29:08,787 [INFO] Scheduling next credential refresh in 1799.0 seconds
2024-11-30 15:30:25,538 [INFO] command processing is alive.
2024-11-30 15:35:26,222 [INFO] command processing is alive.
2024-11-30 15:40:26,900 [INFO] command processing is alive.
2024-11-30 15:45:27,577 [INFO] command processing is alive.
2024-11-30 15:50:28,291 [INFO] command processing is alive.
2024-11-30 15:55:28,948 [INFO] command processing is alive.
2024-11-30 15:59:07,788 [INFO] Refreshing listener credentials
2024-11-30 15:59:07,885 [INFO] Scheduling next credential refresh in 1799.0 seconds
2024-11-30 16:00:29,629 [INFO] command processing is alive.
2024-11-30 16:05:30,347 [INFO] command processing is alive.
2024-11-30 16:10:31,008 [INFO] command processing is alive.
2024-11-30 16:15:31,693 [INFO] command processing is alive.
2024-11-30 16:20:32,395 [INFO] command processing is alive.
2024-11-30 16:25:33,065 [INFO] command processing is alive.
2024-11-30 16:29:06,885 [INFO] Refreshing listener credentials
2024-11-30 16:29:06,985 [INFO] Scheduling next credential refresh in 1799.0 seconds
2024-11-30 16:30:33,733 [INFO] command processing is alive.
2024-11-30 16:35:34,429 [INFO] command processing is alive.
2024-11-30 16:40:35,091 [INFO] command processing is alive.
2024-11-30 16:45:35,766 [INFO] command processing is alive.
2024-11-30 16:50:36,447 [INFO] command processing is alive.
2024-11-30 16:55:37,129 [INFO] command processing is alive.
2024-11-30 16:59:05,985 [INFO] Refreshing listener credentials
2024-11-30 16:59:06,088 [INFO] Scheduling next credential refresh in 1799.0 seconds
2024-11-30 17:00:37,813 [INFO] command processing is alive.
2024-11-30 17:05:38,482 [INFO] command processing is alive.
2024-11-30 17:10:39,184 [INFO] command processing is alive.
2024-11-30 17:15:39,865 [INFO] command processing is alive.
2024-11-30 17:20:40,549 [INFO] command processing is alive.
2024-11-30 17:25:41,212 [INFO] command processing is alive.
2024-11-30 17:29:05,088 [INFO] Refreshing listener credentials
2024-11-30 17:29:05,187 [INFO] Scheduling next credential refresh in 1799.0 seconds
2024-11-30 17:30:41,882 [INFO] command processing is alive.
2024-11-30 17:35:42,554 [INFO] command processing is alive.
2024-11-30 17:40:43,207 [INFO] command processing is alive.
2024-11-30 17:45:43,922 [INFO] command processing is alive.
2024-11-30 17:50:44,600 [INFO] command processing is alive.
2024-11-30 17:55:45,276 [INFO] command processing is alive.
2024-11-30 17:59:04,188 [INFO] Refreshing listener credentials
2024-11-30 17:59:04,299 [INFO] Scheduling next credential refresh in 1799.0 seconds
2024-11-30 18:00:45,971 [INFO] command processing is alive.
2024-11-30 18:05:46,643 [INFO] command processing is alive.
2024-11-30 18:10:47,309 [INFO] command processing is alive.
2024-11-30 18:15:48,062 [INFO] command processing is alive.
2024-11-30 18:20:48,730 [INFO] command processing is alive.
2024-11-30 18:25:49,404 [INFO] command processing is alive.
2024-11-30 18:29:03,300 [INFO] Refreshing listener credentials
2024-11-30 18:29:03,402 [INFO] Scheduling next credential refresh in 1799.0 seconds
2024-11-30 18:30:50,076 [INFO] command processing is alive.
2024-11-30 18:35:50,740 [INFO] command processing is alive.
2024-11-30 18:40:51,423 [INFO] command processing is alive.
2024-11-30 18:45:52,138 [INFO] command processing is alive.
2024-11-30 18:50:52,800 [INFO] command processing is alive.
2024-11-30 18:55:53,485 [INFO] command processing is alive.
2024-11-30 18:59:02,402 [INFO] Refreshing listener credentials
2024-11-30 18:59:02,503 [INFO] Scheduling next credential refresh in 1799.0 seconds
2024-11-30 19:00:54,152 [INFO] command processing is alive.
2024-11-30 19:05:54,846 [INFO] command processing is alive.
2024-11-30 19:10:55,526 [INFO] command processing is alive.
2024-11-30 19:15:56,189 [INFO] command processing is alive.
2024-11-30 19:20:56,917 [INFO] command processing is alive.
2024-11-30 19:25:57,581 [INFO] command processing is alive.
2024-11-30 19:29:01,504 [INFO] Refreshing listener credentials
2024-11-30 19:29:01,609 [INFO] Scheduling next credential refresh in 1799.0 seconds
2024-11-30 19:30:58,243 [INFO] command processing is alive.
2024-11-30 19:35:58,915 [INFO] command processing is alive.
2024-11-30 19:40:59,595 [INFO] command processing is alive.
2024-11-30 19:46:00,269 [INFO] command processing is alive.
2024-11-30 19:51:00,923 [INFO] command processing is alive.
2024-11-30 19:56:01,587 [INFO] command processing is alive.
2024-11-30 19:59:00,610 [INFO] Refreshing listener credentials
2024-11-30 19:59:00,725 [INFO] Scheduling next credential refresh in 1799.0 seconds
2024-11-30 20:01:02,268 [INFO] command processing is alive.
2024-11-30 20:06:02,970 [INFO] command processing is alive.
2024-11-30 20:11:03,640 [INFO] command processing is alive.
2024-11-30 20:16:04,396 [INFO] command processing is alive.
2024-11-30 20:21:05,056 [INFO] command processing is alive.
2024-11-30 20:26:05,746 [INFO] command processing is alive.
2024-11-30 20:28:59,725 [INFO] Refreshing listener credentials
2024-11-30 20:28:59,809 [INFO] Scheduling next credential refresh in 1799.0 seconds
2024-11-30 20:31:06,414 [INFO] command processing is alive.
2024-11-30 20:36:07,091 [INFO] command processing is alive.
2024-11-30 20:41:07,754 [INFO] command processing is alive.
2024-11-30 20:46:08,480 [INFO] command processing is alive.
2024-11-30 20:51:09,185 [INFO] command processing is alive.
2024-11-30 20:56:09,855 [INFO] command processing is alive.
2024-11-30 20:58:58,810 [INFO] Refreshing listener credentials
2024-11-30 20:58:58,905 [INFO] Scheduling next credential refresh in 1799.0 seconds
2024-11-30 21:01:10,518 [INFO] command processing is alive.
2024-11-30 21:06:11,184 [INFO] command processing is alive.
2024-11-30 21:11:11,852 [INFO] command processing is alive.
2024-11-30 21:16:12,603 [INFO] command processing is alive.
2024-11-30 21:21:13,288 [INFO] command processing is alive.
2024-11-30 21:26:13,965 [INFO] command processing is alive.
2024-11-30 21:28:57,906 [INFO] Refreshing listener credentials
2024-11-30 21:28:58,004 [INFO] Scheduling next credential refresh in 1799.0 seconds
2024-11-30 21:31:14,636 [INFO] command processing is alive.
2024-11-30 21:36:15,303 [INFO] command processing is alive.
2024-11-30 21:41:15,967 [INFO] command processing is alive.
2024-11-30 21:46:16,630 [INFO] command processing is alive.
2024-11-30 21:51:17,371 [INFO] command processing is alive.
2024-11-30 21:56:18,052 [INFO] command processing is alive.
2024-11-30 21:58:57,005 [INFO] Refreshing listener credentials
2024-11-30 21:58:57,107 [INFO] Scheduling next credential refresh in 1799.0 seconds
2024-11-30 22:01:18,719 [INFO] command processing is alive.
2024-11-30 22:06:19,437 [INFO] command processing is alive.
2024-11-30 22:11:20,114 [INFO] command processing is alive.
2024-11-30 22:16:20,788 [INFO] command processing is alive.
2024-11-30 22:21:21,452 [INFO] command processing is alive.
2024-11-30 22:26:22,118 [INFO] command processing is alive.
2024-11-30 22:28:56,108 [INFO] Refreshing listener credentials
2024-11-30 22:28:56,206 [INFO] Scheduling next credential refresh in 1799.0 seconds
2024-11-30 22:31:22,783 [INFO] command processing is alive.
2024-11-30 22:36:23,447 [INFO] command processing is alive.
2024-11-30 22:41:24,106 [INFO] command processing is alive.
2024-11-30 22:46:24,781 [INFO] command processing is alive.
2024-11-30 22:51:25,481 [INFO] command processing is alive.
2024-11-30 22:56:26,148 [INFO] command processing is alive.
2024-11-30 22:58:55,207 [INFO] Refreshing listener credentials
2024-11-30 22:58:55,303 [INFO] Scheduling next credential refresh in 1799.0 seconds
2024-11-30 23:01:26,858 [INFO] command processing is alive.
2024-11-30 23:06:27,524 [INFO] command processing is alive.
2024-11-30 23:11:28,196 [INFO] command processing is alive.
2024-11-30 23:16:28,911 [INFO] command processing is alive.
2024-11-30 23:21:29,622 [INFO] command processing is alive.
2024-11-30 23:26:30,289 [INFO] command processing is alive.
2024-11-30 23:28:54,304 [INFO] Refreshing listener credentials
2024-11-30 23:28:54,405 [INFO] Scheduling next credential refresh in 1799.0 seconds
2024-11-30 23:31:30,960 [INFO] command processing is alive.
2024-11-30 23:36:31,638 [INFO] command processing is alive.
2024-11-30 23:41:32,288 [INFO] command processing is alive.
2024-11-30 23:46:32,951 [INFO] command processing is alive.
2024-11-30 23:51:33,636 [INFO] command processing is alive.
2024-11-30 23:56:34,299 [INFO] command processing is alive.
2024-11-30 23:58:53,405 [INFO] Refreshing listener credentials
2024-11-30 23:58:53,506 [INFO] Scheduling next credential refresh in 1799.0 seconds
2024-12-01 00:01:35,039 [INFO] command processing is alive.
2024-12-01 00:06:35,701 [INFO] command processing is alive.
2024-12-01 00:11:36,376 [INFO] command processing is alive.
2024-12-01 00:16:37,141 [INFO] command processing is alive.
2024-12-01 00:21:37,849 [INFO] command processing is alive.
2024-12-01 00:26:38,520 [INFO] command processing is alive.
2024-12-01 00:28:52,507 [INFO] Refreshing listener credentials
2024-12-01 00:28:52,605 [INFO] Scheduling next credential refresh in 1799.0 seconds
2024-12-01 00:31:39,193 [INFO] command processing is alive.
2024-12-01 00:36:39,855 [INFO] command processing is alive.
2024-12-01 00:41:40,605 [INFO] command processing is alive.
2024-12-01 00:46:41,284 [INFO] command processing is alive.
2024-12-01 00:51:41,951 [INFO] command processing is alive.
2024-12-01 00:56:42,620 [INFO] command processing is alive.
2024-12-01 00:58:51,606 [INFO] Refreshing listener credentials
2024-12-01 00:58:51,705 [INFO] Scheduling next credential refresh in 1799.0 seconds
2024-12-01 01:01:43,300 [INFO] command processing is alive.
2024-12-01 01:06:44,002 [INFO] command processing is alive.
2024-12-01 01:11:44,724 [INFO] command processing is alive.
2024-12-01 01:16:45,461 [INFO] command processing is alive.
2024-12-01 01:21:46,120 [INFO] command processing is alive.
2024-12-01 01:26:46,816 [INFO] command processing is alive.
2024-12-01 01:28:50,705 [INFO] Refreshing listener credentials
2024-12-01 01:28:50,808 [INFO] Scheduling next credential refresh in 1799.0 seconds
2024-12-01 01:31:47,473 [INFO] command processing is alive.
2024-12-01 01:36:48,179 [INFO] command processing is alive.
2024-12-01 01:41:48,900 [INFO] command processing is alive.
2024-12-01 01:46:49,566 [INFO] command processing is alive.
2024-12-01 01:51:50,235 [INFO] command processing is alive.
2024-12-01 01:56:50,934 [INFO] command processing is alive.
2024-12-01 01:58:49,809 [INFO] Refreshing listener credentials
2024-12-01 01:58:49,917 [INFO] Scheduling next credential refresh in 1799.0 seconds
2024-12-01 02:01:51,603 [INFO] command processing is alive.
2024-12-01 02:06:52,264 [INFO] command processing is alive.
2024-12-01 02:11:52,928 [INFO] command processing is alive.
2024-12-01 02:16:53,592 [INFO] command processing is alive.
2024-12-01 02:21:54,261 [INFO] command processing is alive.
2024-12-01 02:26:54,934 [INFO] command processing is alive.
2024-12-01 02:28:48,917 [INFO] Refreshing listener credentials
2024-12-01 02:28:49,019 [INFO] Scheduling next credential refresh in 1799.0 seconds
2024-12-01 02:31:55,658 [INFO] command processing is alive.
2024-12-01 02:36:56,329 [INFO] command processing is alive.
2024-12-01 02:41:57,062 [INFO] command processing is alive.
2024-12-01 02:46:57,727 [INFO] command processing is alive.
2024-12-01 02:51:58,389 [INFO] command processing is alive.
2024-12-01 02:56:59,054 [INFO] command processing is alive.
2024-12-01 02:58:48,020 [INFO] Refreshing listener credentials
2024-12-01 02:58:48,123 [INFO] Scheduling next credential refresh in 1799.0 seconds
2024-12-01 03:01:59,772 [INFO] command processing is alive.
2024-12-01 03:07:00,531 [INFO] command processing is alive.
2024-12-01 03:12:01,208 [INFO] command processing is alive.
2024-12-01 03:15:34,556 [INFO] Received command ElasticBeanstalkCommand-AWSEBAutoScalingGroup (invocation id: d5a6905e-6a24-41e0-ad5c-a36562e77cb2)
2024-12-01 03:15:34,556 [INFO] Running action for aws-eb-command-handler
2024-12-01 03:15:55,279 [INFO] Action for aws-eb-command-handler succeeded, returning SUCCESS
2024-12-01 03:17:15,665 [INFO] command processing is alive.
2024-12-01 03:22:16,325 [INFO] command processing is alive.
2024-12-01 03:27:16,988 [INFO] command processing is alive.
2024-12-01 03:28:47,124 [INFO] Refreshing listener credentials
2024-12-01 03:28:47,239 [INFO] Scheduling next credential refresh in 1799.0 seconds
2024-12-01 03:32:17,662 [INFO] command processing is alive.
2024-12-01 03:37:18,330 [INFO] command processing is alive.
2024-12-01 03:42:18,995 [INFO] command processing is alive.
2024-12-01 03:47:19,664 [INFO] command processing is alive.
2024-12-01 03:52:20,337 [INFO] command processing is alive.
2024-12-01 03:57:21,002 [INFO] command processing is alive.
2024-12-01 03:58:46,240 [INFO] Refreshing listener credentials
2024-12-01 03:58:46,332 [INFO] Scheduling next credential refresh in 1799.0 seconds
2024-12-01 04:02:21,839 [INFO] command processing is alive.
2024-12-01 04:07:22,503 [INFO] command processing is alive.
2024-12-01 04:12:23,200 [INFO] command processing is alive.
2024-12-01 04:17:23,960 [INFO] command processing is alive.
2024-12-01 04:22:24,630 [INFO] command processing is alive.
2024-12-01 04:27:25,300 [INFO] command processing is alive.
2024-12-01 04:28:45,333 [INFO] Refreshing listener credentials
2024-12-01 04:28:45,423 [INFO] Scheduling next credential refresh in 1799.0 seconds
2024-12-01 04:32:25,967 [INFO] command processing is alive.
2024-12-01 04:37:26,666 [INFO] command processing is alive.
2024-12-01 04:42:27,323 [INFO] command processing is alive.
2024-12-01 04:47:27,983 [INFO] command processing is alive.
2024-12-01 04:52:28,651 [INFO] command processing is alive.
2024-12-01 04:57:29,326 [INFO] command processing is alive.
2024-12-01 04:58:44,423 [INFO] Refreshing listener credentials
2024-12-01 04:58:44,532 [INFO] Scheduling next credential refresh in 1799.0 seconds
2024-12-01 05:02:30,010 [INFO] command processing is alive.
2024-12-01 05:07:30,743 [INFO] command processing is alive.
2024-12-01 05:12:31,422 [INFO] command processing is alive.
2024-12-01 05:17:32,140 [INFO] command processing is alive.
2024-12-01 05:22:32,860 [INFO] command processing is alive.
2024-12-01 05:27:33,523 [INFO] command processing is alive.
2024-12-01 05:28:43,533 [INFO] Refreshing listener credentials
2024-12-01 05:28:43,620 [INFO] Scheduling next credential refresh in 1799.0 seconds
2024-12-01 05:32:34,236 [INFO] command processing is alive.
2024-12-01 05:37:34,929 [INFO] command processing is alive.
2024-12-01 05:42:35,596 [INFO] command processing is alive.
2024-12-01 05:47:36,316 [INFO] command processing is alive.
2024-12-01 05:52:36,982 [INFO] command processing is alive.
2024-12-01 05:57:37,644 [INFO] command processing is alive.
2024-12-01 05:58:42,620 [INFO] Refreshing listener credentials
2024-12-01 05:58:42,715 [INFO] Scheduling next credential refresh in 1799.0 seconds
2024-12-01 06:02:38,364 [INFO] command processing is alive.
2024-12-01 06:07:39,029 [INFO] command processing is alive.
2024-12-01 06:12:39,738 [INFO] command processing is alive.
2024-12-01 06:17:40,516 [INFO] command processing is alive.
2024-12-01 06:22:41,203 [INFO] command processing is alive.
2024-12-01 06:27:41,874 [INFO] command processing is alive.
2024-12-01 06:28:41,716 [INFO] Refreshing listener credentials
2024-12-01 06:28:41,818 [INFO] Scheduling next credential refresh in 1799.0 seconds
2024-12-01 06:32:42,588 [INFO] command processing is alive.
2024-12-01 06:37:43,256 [INFO] command processing is alive.
2024-12-01 06:42:43,922 [INFO] command processing is alive.
2024-12-01 06:47:44,605 [INFO] command processing is alive.
2024-12-01 06:52:45,318 [INFO] command processing is alive.
2024-12-01 06:57:45,987 [INFO] command processing is alive.
2024-12-01 06:58:40,818 [INFO] Refreshing listener credentials
2024-12-01 06:58:40,918 [INFO] Scheduling next credential refresh in 1799.0 seconds
2024-12-01 07:02:46,740 [INFO] command processing is alive.
2024-12-01 07:07:47,497 [INFO] command processing is alive.
2024-12-01 07:12:48,196 [INFO] command processing is alive.
2024-12-01 07:17:48,880 [INFO] command processing is alive.
2024-12-01 07:22:49,561 [INFO] command processing is alive.
2024-12-01 07:27:50,234 [INFO] command processing is alive.
2024-12-01 07:28:39,918 [INFO] Refreshing listener credentials
2024-12-01 07:28:40,011 [INFO] Scheduling next credential refresh in 1799.0 seconds
2024-12-01 07:32:50,891 [INFO] command processing is alive.
2024-12-01 07:37:51,554 [INFO] command processing is alive.
2024-12-01 07:42:52,274 [INFO] command processing is alive.
2024-12-01 07:47:52,945 [INFO] command processing is alive.
2024-12-01 07:52:53,624 [INFO] command processing is alive.
2024-12-01 07:57:54,286 [INFO] command processing is alive.
2024-12-01 07:58:39,011 [INFO] Refreshing listener credentials
2024-12-01 07:58:39,115 [INFO] Scheduling next credential refresh in 1799.0 seconds
2024-12-01 08:02:55,079 [INFO] command processing is alive.
2024-12-01 08:07:55,816 [INFO] command processing is alive.
2024-12-01 08:12:56,521 [INFO] command processing is alive.
2024-12-01 08:17:57,189 [INFO] command processing is alive.
2024-12-01 08:22:57,867 [INFO] command processing is alive.
2024-12-01 08:27:58,579 [INFO] command processing is alive.
2024-12-01 08:28:38,116 [INFO] Refreshing listener credentials
2024-12-01 08:28:38,230 [INFO] Scheduling next credential refresh in 1799.0 seconds
2024-12-01 08:32:59,241 [INFO] command processing is alive.
2024-12-01 08:37:59,996 [INFO] command processing is alive.
2024-12-01 08:43:00,704 [INFO] command processing is alive.
2024-12-01 08:48:01,384 [INFO] command processing is alive.
2024-12-01 08:53:02,062 [INFO] command processing is alive.
2024-12-01 08:58:02,773 [INFO] command processing is alive.
2024-12-01 08:58:37,230 [INFO] Refreshing listener credentials
2024-12-01 08:58:37,340 [INFO] Scheduling next credential refresh in 1799.0 seconds
2024-12-01 09:03:03,466 [INFO] command processing is alive.
2024-12-01 09:08:04,170 [INFO] command processing is alive.
2024-12-01 09:13:04,904 [INFO] command processing is alive.
2024-12-01 09:18:05,561 [INFO] command processing is alive.
2024-12-01 09:23:06,262 [INFO] command processing is alive.
2024-12-01 09:28:06,930 [INFO] command processing is alive.
2024-12-01 09:28:36,341 [INFO] Refreshing listener credentials
2024-12-01 09:28:36,449 [INFO] Scheduling next credential refresh in 1799.0 seconds
2024-12-01 09:33:07,634 [INFO] command processing is alive.
2024-12-01 09:38:08,303 [INFO] command processing is alive.
2024-12-01 09:43:08,967 [INFO] command processing is alive.
2024-12-01 09:48:09,707 [INFO] command processing is alive.
2024-12-01 09:53:10,374 [INFO] command processing is alive.
2024-12-01 09:58:11,092 [INFO] command processing is alive.
2024-12-01 09:58:35,449 [INFO] Refreshing listener credentials
2024-12-01 09:58:35,536 [INFO] Scheduling next credential refresh in 1799.0 seconds
2024-12-01 10:03:11,810 [INFO] command processing is alive.
2024-12-01 10:08:12,476 [INFO] command processing is alive.
2024-12-01 10:13:13,140 [INFO] command processing is alive.
2024-12-01 10:18:13,815 [INFO] command processing is alive.
2024-12-01 10:23:14,490 [INFO] command processing is alive.
2024-12-01 10:28:15,160 [INFO] command processing is alive.
2024-12-01 10:28:34,536 [INFO] Refreshing listener credentials
2024-12-01 10:28:34,637 [INFO] Scheduling next credential refresh in 1799.0 seconds
2024-12-01 10:33:15,813 [INFO] command processing is alive.
2024-12-01 10:34:12,646 [INFO] Received command ElasticBeanstalkCommand-AWSEBAutoScalingGroup (invocation id: b4735a78-6ef4-4639-a91a-febe92e75429)
2024-12-01 10:34:12,646 [INFO] Running action for aws-eb-command-handler
2024-12-01 10:34:13,979 [INFO] Action for aws-eb-command-handler succeeded, returning SUCCESS
2024-12-01 10:37:04,008 [INFO] Received command ElasticBeanstalkCommand-AWSEBAutoScalingGroup (invocation id: 993aed91-9dbe-4281-ba7c-6282c99a1468)
2024-12-01 10:37:04,008 [INFO] Running action for aws-eb-command-handler
2024-12-01 10:37:18,934 [INFO] Action for aws-eb-command-handler succeeded, returning SUCCESS
2024-12-01 10:38:19,247 [INFO] command processing is alive.
2024-12-01 10:40:01,781 [INFO] Received command ElasticBeanstalkCommand-AWSEBAutoScalingGroup (invocation id: c612a81c-7f8e-470e-8ed4-d396482493db)
2024-12-01 10:40:01,782 [INFO] Running action for aws-eb-command-handler
2024-12-01 10:40:18,031 [INFO] Action for aws-eb-command-handler succeeded, returning SUCCESS
2024-12-01 10:42:01,565 [INFO] Received command ElasticBeanstalkCommand-AWSEBAutoScalingGroup (invocation id: f291cef4-fc18-47bb-a4be-aed145fab5e2)
2024-12-01 10:42:01,565 [INFO] Running action for aws-eb-command-handler
2024-12-01 10:42:02,355 [INFO] Action for aws-eb-command-handler succeeded, returning SUCCESS
2024-12-01 10:43:22,647 [INFO] command processing is alive.
2024-12-01 10:48:23,395 [INFO] command processing is alive.
2024-12-01 10:53:24,125 [INFO] command processing is alive.
2024-12-01 10:58:24,800 [INFO] command processing is alive.
2024-12-01 10:58:33,638 [INFO] Refreshing listener credentials
2024-12-01 10:58:33,728 [INFO] Scheduling next credential refresh in 1799.0 seconds
2024-12-01 11:00:31,806 [INFO] Received command ElasticBeanstalkCommand-AWSEBAutoScalingGroup (invocation id: 188e13d8-7d3f-4722-ab9e-a46dc624b16c)
2024-12-01 11:00:31,806 [INFO] Running action for aws-eb-command-handler
2024-12-01 11:00:54,404 [INFO] Action for aws-eb-command-handler succeeded, returning SUCCESS
2024-12-01 11:01:19,862 [INFO] Received command ElasticBeanstalkCommand-AWSEBAutoScalingGroup (invocation id: 31bfb6d8-386a-4f94-91a8-0e8ec4b54b42)
2024-12-01 11:01:19,862 [INFO] Running action for aws-eb-command-handler
2024-12-01 11:01:20,671 [INFO] Action for aws-eb-command-handler succeeded, returning SUCCESS
2024-12-01 11:03:00,521 [INFO] Received command ElasticBeanstalkCommand-AWSEBAutoScalingGroup (invocation id: 7bd46696-9fa8-451c-b53e-624f77b18683)
2024-12-01 11:03:00,521 [INFO] Running action for aws-eb-command-handler
2024-12-01 11:03:15,852 [INFO] Action for aws-eb-command-handler succeeded, returning SUCCESS
2024-12-01 11:03:36,067 [INFO] command processing is alive.
2024-12-01 11:03:42,690 [INFO] Received command ElasticBeanstalkCommand-AWSEBAutoScalingGroup (invocation id: 4c0d9344-d159-4749-9742-38af19d00bfd)
2024-12-01 11:03:42,690 [INFO] Running action for aws-eb-command-handler
2024-12-01 11:03:43,490 [INFO] Action for aws-eb-command-handler succeeded, returning SUCCESS
2024-12-01 11:04:51,880 [INFO] Received command ElasticBeanstalkCommand-AWSEBAutoScalingGroup (invocation id: 718c0308-7ae8-4e96-b4a3-968aafb8638f)
2024-12-01 11:04:51,881 [INFO] Running action for aws-eb-command-handler
2024-12-01 11:05:06,687 [INFO] Action for aws-eb-command-handler succeeded, returning SUCCESS
2024-12-01 11:06:41,123 [INFO] Received command ElasticBeanstalkCommand-AWSEBAutoScalingGroup (invocation id: 6e679a4b-ec58-46a3-bde1-aa04690f06d5)
2024-12-01 11:06:41,123 [INFO] Running action for aws-eb-command-handler
2024-12-01 11:06:41,925 [INFO] Action for aws-eb-command-handler succeeded, returning SUCCESS
2024-12-01 11:08:42,287 [INFO] command processing is alive.
2024-12-01 11:13:42,955 [INFO] command processing is alive.
2024-12-01 11:18:43,623 [INFO] command processing is alive.
2024-12-01 11:23:44,304 [INFO] command processing is alive.
2024-12-01 11:28:32,729 [INFO] Refreshing listener credentials
2024-12-01 11:28:32,829 [INFO] Scheduling next credential refresh in 1799.0 seconds
2024-12-01 11:28:44,980 [INFO] command processing is alive.
2024-12-01 11:33:45,651 [INFO] command processing is alive.
2024-12-01 11:38:46,314 [INFO] command processing is alive.
2024-12-01 11:43:46,959 [INFO] command processing is alive.
2024-12-01 11:48:47,622 [INFO] command processing is alive.
2024-12-01 11:53:48,275 [INFO] command processing is alive.
2024-12-01 11:58:31,829 [INFO] Refreshing listener credentials
2024-12-01 11:58:31,956 [INFO] Scheduling next credential refresh in 1799.0 seconds
2024-12-01 11:58:48,939 [INFO] command processing is alive.
2024-12-01 12:03:49,595 [INFO] command processing is alive.
2024-12-01 12:08:50,295 [INFO] command processing is alive.
2024-12-01 12:13:50,993 [INFO] command processing is alive.
2024-12-01 12:18:51,662 [INFO] command processing is alive.
2024-12-01 12:23:52,360 [INFO] command processing is alive.
2024-12-01 12:28:30,956 [INFO] Refreshing listener credentials
2024-12-01 12:28:31,058 [INFO] Scheduling next credential refresh in 1799.0 seconds
2024-12-01 12:28:53,008 [INFO] command processing is alive.
2024-12-01 12:33:53,693 [INFO] command processing is alive.
2024-12-01 12:38:54,379 [INFO] command processing is alive.
2024-12-01 12:43:55,056 [INFO] command processing is alive.
2024-12-01 12:48:55,723 [INFO] command processing is alive.
2024-12-01 12:53:56,411 [INFO] command processing is alive.
2024-12-01 12:58:30,059 [INFO] Refreshing listener credentials
2024-12-01 12:58:30,161 [INFO] Scheduling next credential refresh in 1799.0 seconds
2024-12-01 12:58:57,109 [INFO] command processing is alive.
2024-12-01 13:03:57,854 [INFO] command processing is alive.
2024-12-01 13:08:58,547 [INFO] command processing is alive.
2024-12-01 13:13:59,214 [INFO] command processing is alive.
2024-12-01 13:18:59,872 [INFO] command processing is alive.
2024-12-01 13:24:00,546 [INFO] command processing is alive.
2024-12-01 13:28:29,161 [INFO] Refreshing listener credentials
2024-12-01 13:28:29,261 [INFO] Scheduling next credential refresh in 1799.0 seconds
2024-12-01 13:29:01,216 [INFO] command processing is alive.
2024-12-01 13:34:01,910 [INFO] command processing is alive.
2024-12-01 13:39:02,575 [INFO] command processing is alive.
2024-12-01 13:44:03,278 [INFO] command processing is alive.
2024-12-01 13:49:03,948 [INFO] command processing is alive.
2024-12-01 13:54:02,926 [INFO] Received command ElasticBeanstalkCommand-AWSEBAutoScalingGroup (invocation id: d2bbdec5-efca-4dbc-9b61-88b653e4f830)
2024-12-01 13:54:02,926 [INFO] Running action for aws-eb-command-handler
2024-12-01 13:54:03,687 [INFO] Action for aws-eb-command-handler succeeded, returning SUCCESS
2024-12-01 13:54:23,826 [INFO] command processing is alive.
2024-12-01 13:55:03,088 [INFO] Received command ElasticBeanstalkCommand-AWSEBAutoScalingGroup (invocation id: e3335c29-8111-46b1-8536-4b5e0f6120f4)
2024-12-01 13:55:03,088 [INFO] Running action for aws-eb-command-handler
2024-12-01 13:55:18,586 [INFO] Action for aws-eb-command-handler succeeded, returning SUCCESS
2024-12-01 13:57:11,029 [INFO] Received command ElasticBeanstalkCommand-AWSEBAutoScalingGroup (invocation id: 37c68ae4-9b46-4eb0-a1f8-c7280750d20f)
2024-12-01 13:57:11,029 [INFO] Running action for aws-eb-command-handler
2024-12-01 13:57:25,717 [INFO] Action for aws-eb-command-handler succeeded, returning SUCCESS
2024-12-01 13:58:28,262 [INFO] Refreshing listener credentials
2024-12-01 13:58:28,351 [INFO] Scheduling next credential refresh in 1799.0 seconds
2024-12-01 13:59:26,169 [INFO] command processing is alive.
2024-12-01 14:04:26,844 [INFO] command processing is alive.
2024-12-01 14:09:27,529 [INFO] command processing is alive.
2024-12-01 14:14:28,195 [INFO] command processing is alive.
2024-12-01 14:17:55,579 [INFO] Received command ElasticBeanstalkCommand-AWSEBAutoScalingGroup (invocation id: eb5167d3-3eec-43d4-a87e-a2d784c4e755)
2024-12-01 14:17:55,579 [INFO] Running action for aws-eb-command-handler
2024-12-01 14:18:12,834 [INFO] Action for aws-eb-command-handler succeeded, returning SUCCESS
2024-12-01 14:19:01,079 [INFO] Received command ElasticBeanstalkCommand-AWSEBAutoScalingGroup (invocation id: c6bf5b85-27db-4202-beb1-2a7f00a359e4)
2024-12-01 14:19:01,079 [INFO] Running action for aws-eb-command-handler
2024-12-01 14:19:17,604 [INFO] Action for aws-eb-command-handler succeeded, returning SUCCESS
2024-12-01 14:19:37,834 [INFO] command processing is alive.
2024-12-01 14:22:09,584 [INFO] Received command ElasticBeanstalkCommand-AWSEBAutoScalingGroup (invocation id: 89c44952-65fe-4c07-bca9-5ff5dfc9c476)
2024-12-01 14:22:09,584 [INFO] Running action for aws-eb-command-handler
2024-12-01 14:22:10,354 [INFO] Action for aws-eb-command-handler succeeded, returning SUCCESS
2024-12-01 14:23:24,452 [INFO] Received command ElasticBeanstalkCommand-AWSEBAutoScalingGroup (invocation id: e24471b9-41a2-446d-95e2-cad0c7fce716)
2024-12-01 14:23:24,452 [INFO] Running action for aws-eb-command-handler
2024-12-01 14:23:39,995 [INFO] Action for aws-eb-command-handler succeeded, returning SUCCESS
2024-12-01 14:24:40,290 [INFO] command processing is alive.
2024-12-01 14:24:49,881 [INFO] Received command ElasticBeanstalkCommand-AWSEBAutoScalingGroup (invocation id: 661d73a0-c386-44f8-9cc4-28f0887b67c9)
2024-12-01 14:24:49,881 [INFO] Running action for aws-eb-command-handler
2024-12-01 14:25:05,055 [INFO] Action for aws-eb-command-handler succeeded, returning SUCCESS
2024-12-01 14:26:14,279 [INFO] Received command ElasticBeanstalkCommand-AWSEBAutoScalingGroup (invocation id: e03816e9-8a6b-4a61-9e65-43a295b7b695)
2024-12-01 14:26:14,279 [INFO] Running action for aws-eb-command-handler
2024-12-01 14:26:30,249 [INFO] Action for aws-eb-command-handler succeeded, returning SUCCESS
2024-12-01 14:28:27,352 [INFO] Refreshing listener credentials
2024-12-01 14:28:27,444 [INFO] Scheduling next credential refresh in 1799.0 seconds
2024-12-01 14:29:50,853 [INFO] command processing is alive.
2024-12-01 14:33:17,133 [INFO] Received command ElasticBeanstalkCommand-AWSEBAutoScalingGroup (invocation id: 363f3477-6c8f-425e-9f2a-98958ec5829e)
2024-12-01 14:33:17,133 [INFO] Running action for aws-eb-command-handler
2024-12-01 14:33:31,749 [INFO] Action for aws-eb-command-handler succeeded, returning SUCCESS
2024-12-01 14:34:52,140 [INFO] command processing is alive.
2024-12-01 14:39:11,627 [INFO] Received command ElasticBeanstalkCommand-AWSEBAutoScalingGroup (invocation id: f736f0bd-c718-4437-827e-2d1e2e0f0042)
2024-12-01 14:39:11,627 [INFO] Running action for aws-eb-command-handler
2024-12-01 14:39:55,713 [INFO] Action for aws-eb-command-handler succeeded, returning SUCCESS
2024-12-01 14:39:55,844 [INFO] command processing is alive.
2024-12-01 14:44:56,522 [INFO] command processing is alive.
2024-12-01 14:46:56,766 [INFO] Received command ElasticBeanstalkCommand-AWSEBAutoScalingGroup (invocation id: 51ba154f-7900-4b1a-a3f9-bd194078f459)
2024-12-01 14:46:56,766 [INFO] Running action for aws-eb-command-handler
2024-12-01 14:47:15,707 [INFO] Action for aws-eb-command-handler succeeded, returning SUCCESS
2024-12-01 14:50:16,273 [INFO] command processing is alive.
2024-12-01 14:53:46,423 [INFO] Received command ElasticBeanstalkCommand-AWSEBAutoScalingGroup (invocation id: 896c353a-46a0-4324-8ba7-70a54d2efa87)
2024-12-01 14:53:46,423 [INFO] Running action for aws-eb-command-handler
2024-12-01 14:55:13,549 [INFO] Action for aws-eb-command-handler succeeded, returning SUCCESS
2024-12-01 14:55:33,711 [INFO] command processing is alive.
2024-12-01 14:56:57,090 [INFO] Received command ElasticBeanstalkCommand-AWSEBAutoScalingGroup (invocation id: 31010e13-93b2-46a5-9f43-9310b94cb746)
2024-12-01 14:56:57,090 [INFO] Running action for aws-eb-command-handler
2024-12-01 14:57:48,177 [INFO] Action for aws-eb-command-handler succeeded, returning SUCCESS
2024-12-01 14:58:26,444 [INFO] Refreshing listener credentials
2024-12-01 14:58:26,538 [INFO] Scheduling next credential refresh in 1799.0 seconds
2024-12-01 15:00:48,694 [INFO] command processing is alive.
2024-12-01 15:05:49,413 [INFO] command processing is alive.
2024-12-01 15:10:50,075 [INFO] command processing is alive.
2024-12-01 15:15:50,739 [INFO] command processing is alive.
2024-12-01 15:20:51,408 [INFO] command processing is alive.
2024-12-01 15:25:52,067 [INFO] command processing is alive.
2024-12-01 15:28:25,538 [INFO] Refreshing listener credentials
2024-12-01 15:28:25,633 [INFO] Scheduling next credential refresh in 1799.0 seconds
2024-12-01 15:30:52,733 [INFO] command processing is alive.
2024-12-01 15:35:53,401 [INFO] command processing is alive.
2024-12-01 15:40:54,122 [INFO] command processing is alive.
2024-12-01 15:45:54,802 [INFO] command processing is alive.
2024-12-01 15:50:55,473 [INFO] command processing is alive.
2024-12-01 15:55:56,144 [INFO] command processing is alive.
2024-12-01 15:57:10,284 [INFO] Received command ElasticBeanstalkCommand-AWSEBAutoScalingGroup (invocation id: 9791d4ea-5924-49e2-a343-477b975384f3)
2024-12-01 15:57:10,284 [INFO] Running action for aws-eb-command-handler
2024-12-01 15:57:37,567 [INFO] Action for aws-eb-command-handler succeeded, returning SUCCESS
2024-12-01 15:58:24,634 [INFO] Refreshing listener credentials
2024-12-01 15:58:24,722 [INFO] Scheduling next credential refresh in 1799.0 seconds
2024-12-01 15:59:17,660 [INFO] Received command ElasticBeanstalkCommand-AWSEBAutoScalingGroup (invocation id: 2f5199c8-8ec9-46de-965c-81274f999ff0)
2024-12-01 15:59:17,660 [INFO] Running action for aws-eb-command-handler
2024-12-01 15:59:31,788 [INFO] Action for aws-eb-command-handler succeeded, returning SUCCESS
2024-12-01 16:01:01,753 [INFO] Received command ElasticBeanstalkCommand-AWSEBAutoScalingGroup (invocation id: ca09e9d0-f649-40d3-8fd7-6f1718d05135)
2024-12-01 16:01:01,753 [INFO] Running action for aws-eb-command-handler
2024-12-01 16:01:02,829 [INFO] Action for aws-eb-command-handler succeeded, returning SUCCESS
2024-12-01 16:01:02,921 [INFO] command processing is alive.
2024-12-01 16:01:44,749 [INFO] Received command ElasticBeanstalkCommand-AWSEBAutoScalingGroup (invocation id: 0dd4edb3-a7c4-492b-8b19-37ef411f3e3b)
2024-12-01 16:01:44,750 [INFO] Running action for aws-eb-command-handler
