[2024-11-29T12:59:47Z] Started EB User Data
+ SLEEP_TIME=2
+ SLEEP_TIME_MAX=3600
+ true
+ curl https://elasticbeanstalk-platform-assets-us-east-1.s3.amazonaws.com/stalks/eb_python311_amazon_linux_2023_1.0.155.0_20241119035555/lib/UserDataScript.sh
  % Total    % Received % Xferd  Average Speed   Time    Time     Time  Current
                                 Dload  Upload   Total   Spent    Left  Speed
  0     0    0     0    0     0      0      0 --:--:-- --:--:-- --:--:--     0100  4627  100  4627    0     0  46936      0 --:--:-- --:--:-- --:--:-- 47214
+ RESULT=0
+ [[ 0 -ne 0 ]]
+ /bin/bash /tmp/ebbootstrap.sh 'https://cloudformation-waitcondition-us-east-1.s3.amazonaws.com/arn%3Aaws%3Acloudformation%3Aus-east-1%3A677045937080%3Astack/awseb-e-phgumpyagn-stack/b301ac30-ae51-11ef-a20a-0afffbbc4823/b303cf10-ae51-11ef-a20a-0afffbbc4823/AWSEBInstanceLaunchWaitHandle?X-Amz-Algorithm=AWS4-HMAC-SHA256&X-Amz-Date=20241129T125903Z&X-Amz-SignedHeaders=host&X-Amz-Expires=86399&X-Amz-Credential=AKIA6L7Q4OWT3JRXU3BZ%2F20241129%2Fus-east-1%2Fs3%2Faws4_request&X-Amz-Signature=2a2d3ceaf9337266903c280e493a9fc23fe1b61b05174abb1dbbbf67df5625e9' arn:aws:cloudformation:us-east-1:677045937080:stack/awseb-e-phgumpyagn-stack/b301ac30-ae51-11ef-a20a-0afffbbc4823 0777f8dc-3dd3-496b-9c6a-0e235c2b6e33 https://elasticbeanstalk-health.us-east-1.amazonaws.com '' https://elasticbeanstalk-platform-assets-us-east-1.s3.amazonaws.com/stalks/eb_python311_amazon_linux_2023_1.0.155.0_20241119035555 us-east-1
[2024-11-29T12:59:48.144Z] Started EB Bootstrapping Script.
[2024-11-29T12:59:48.149Z] Received parameters:
 TARBALLS = 
 EB_GEMS = 
 SIGNAL_URL = https://cloudformation-waitcondition-us-east-1.s3.amazonaws.com/arn%3Aaws%3Acloudformation%3Aus-east-1%3A677045937080%3Astack/awseb-e-phgumpyagn-stack/b301ac30-ae51-11ef-a20a-0afffbbc4823/b303cf10-ae51-11ef-a20a-0afffbbc4823/AWSEBInstanceLaunchWaitHandle?X-Amz-Algorithm=AWS4-HMAC-SHA256&X-Amz-Date=20241129T125903Z&X-Amz-SignedHeaders=host&X-Amz-Expires=86399&X-Amz-Credential=AKIA6L7Q4OWT3JRXU3BZ%2F20241129%2Fus-east-1%2Fs3%2Faws4_request&X-Amz-Signature=2a2d3ceaf9337266903c280e493a9fc23fe1b61b05174abb1dbbbf67df5625e9
 STACK_ID = arn:aws:cloudformation:us-east-1:677045937080:stack/awseb-e-phgumpyagn-stack/b301ac30-ae51-11ef-a20a-0afffbbc4823
 REGION = us-east-1
 GUID = 
 HEALTHD_GROUP_ID = 0777f8dc-3dd3-496b-9c6a-0e235c2b6e33
 HEALTHD_ENDPOINT = https://elasticbeanstalk-health.us-east-1.amazonaws.com
 PROXY_SERVER = 
 HEALTHD_PROXY_LOG_LOCATION = 
 PLATFORM_ASSETS_URL = https://elasticbeanstalk-platform-assets-us-east-1.s3.amazonaws.com/stalks/eb_python311_amazon_linux_2023_1.0.155.0_20241119035555
[2024-11-29T12:59:48.191Z] engine url is set to https://elasticbeanstalk-platform-assets-us-east-1.s3.amazonaws.com/stalks/eb_python311_amazon_linux_2023_1.0.155.0_20241119035555/lib/platform-engine.zip
[2024-11-29T12:59:48.196Z] first init of instance.
[2024-11-29T12:59:48.198Z] Started executing cfn_init _OnInstanceBoot.
[2024-11-29T12:59:48.205Z] Running cfn-init ConfigSet: _OnInstanceBoot.
[2024-11-29T12:59:48.214Z] Using stack-id from userdata
[2024-11-29T12:59:49.444Z] Command Returned: 
[2024-11-29T12:59:49.447Z] Completed executing cfn_init.
[2024-11-29T12:59:49.454Z] finished _OnInstanceBoot
--2024-11-29 12:59:49--  https://elasticbeanstalk-platform-assets-us-east-1.s3.amazonaws.com/stalks/eb_python311_amazon_linux_2023_1.0.155.0_20241119035555/lib/platform-engine.zip
Resolving elasticbeanstalk-platform-assets-us-east-1.s3.amazonaws.com (elasticbeanstalk-platform-assets-us-east-1.s3.amazonaws.com)... 52.217.68.156, 52.217.45.148, 3.5.30.152, ...
Connecting to elasticbeanstalk-platform-assets-us-east-1.s3.amazonaws.com (elasticbeanstalk-platform-assets-us-east-1.s3.amazonaws.com)|52.217.68.156|:443... connected.
HTTP request sent, awaiting response... 200 OK
Length: 20005151 (19M) [application/zip]
Saving to: ‘/tmp/platform-engine.zip’

     0K .......... .......... .......... .......... ..........  0% 6.46M 3s
    50K .......... .......... .......... .......... ..........  0% 22.2M 2s
   100K .......... .......... .......... .......... ..........  0% 6.31M 2s
   150K .......... .......... .......... .......... ..........  1% 95.9M 2s
   200K .......... .......... .......... .......... ..........  1% 2.16M 3s
   250K .......... .......... .......... .......... ..........  1% 11.3M 3s
   300K .......... .......... .......... .......... ..........  1% 4.03M 3s
   350K .......... .......... .......... .......... ..........  2% 22.1M 3s
   400K .......... .......... .......... .......... ..........  2% 22.8M 3s
   450K .......... .......... .......... .......... ..........  2% 24.5M 2s
   500K .......... .......... .......... .......... ..........  2% 30.5M 2s
   550K .......... .......... .......... .......... ..........  3%  187M 2s
   600K .......... .......... .......... .......... ..........  3%  429M 2s
   650K .......... .......... .......... .......... ..........  3%  197M 2s
   700K .......... .......... .......... .......... ..........  3%  311M 2s
   750K .......... .......... .......... .......... ..........  4%  185M 2s
   800K .......... .......... .......... .......... ..........  4%  148M 1s
   850K .......... .......... .......... .......... ..........  4%  176M 1s
   900K .......... .......... .......... .......... ..........  4%  457M 1s
   950K .......... .......... .......... .......... ..........  5% 1.60M 2s
  1000K .......... .......... .......... .......... ..........  5% 25.8M 2s
  1050K .......... .......... .......... .......... ..........  5% 26.0M 2s
  1100K .......... .......... .......... .......... ..........  5% 26.4M 2s
  1150K .......... .......... .......... .......... ..........  6% 26.9M 2s
  1200K .......... .......... .......... .......... ..........  6% 11.7M 2s
  1250K .......... .......... .......... .......... ..........  6% 5.20M 2s
  1300K .......... .......... .......... .......... ..........  6%  437M 2s
  1350K .......... .......... .......... .......... ..........  7%  412M 2s
  1400K .......... .......... .......... .......... ..........  7%  441M 1s
  1450K .......... .......... .......... .......... ..........  7%  429M 1s
  1500K .......... .......... .......... .......... ..........  7%  404M 1s
  1550K .......... .......... .......... .......... ..........  8%  461M 1s
  1600K .......... .......... .......... .......... ..........  8%  441M 1s
  1650K .......... .......... .......... .......... ..........  8%  443M 1s
  1700K .......... .......... .......... .......... ..........  8%  447M 1s
  1750K .......... .......... .......... .......... ..........  9%  449M 1s
  1800K .......... .......... .......... .......... ..........  9% 2.76M 1s
  1850K .......... .......... .......... .......... ..........  9%  142M 1s
  1900K .......... .......... .......... .......... ..........  9%  144M 1s
  1950K .......... .......... .......... .......... .......... 10%  153M 1s
  2000K .......... .......... .......... .......... .......... 10%  157M 1s
  2050K .......... .......... .......... .......... .......... 10%  140M 1s
  2100K .......... .......... .......... .......... .......... 11% 2.67M 1s
  2150K .......... .......... .......... .......... .......... 11% 4.88M 1s
  2200K .......... .......... .......... .......... .......... 11%  438M 1s
  2250K .......... .......... .......... .......... .......... 11% 16.7M 1s
  2300K .......... .......... .......... .......... .......... 12% 2.87M 1s
  2350K .......... .......... .......... .......... .......... 12%  183M 1s
  2400K .......... .......... .......... .......... .......... 12% 2.47M 1s
  2450K .......... .......... .......... .......... .......... 12%  409M 1s
  2500K .......... .......... .......... .......... .......... 13% 2.43M 2s
  2550K .......... .......... .......... .......... .......... 13%  194M 1s
  2600K .......... .......... .......... .......... .......... 13% 2.41M 2s
  2650K .......... .......... .......... .......... .......... 13%  413M 2s
  2700K .......... .......... .......... .......... .......... 14%  142M 2s
  2750K .......... .......... .......... .......... .......... 14%  474M 1s
  2800K .......... .......... .......... .......... .......... 14%  546M 1s
  2850K .......... .......... .......... .......... .......... 14% 66.1M 1s
  2900K .......... .......... .......... .......... .......... 15% 2.62M 2s
  2950K .......... .......... .......... .......... .......... 15% 77.1M 1s
  3000K .......... .......... .......... .......... .......... 15%  125M 1s
  3050K .......... .......... .......... .......... .......... 15%  127M 1s
  3100K .......... .......... .......... .......... .......... 16% 2.73M 1s
  3150K .......... .......... .......... .......... .......... 16% 82.5M 1s
  3200K .......... .......... .......... .......... .......... 16%  140M 1s
  3250K .......... .......... .......... .......... .......... 16% 2.56M 2s
  3300K .......... .......... .......... .......... .......... 17%  181M 1s
  3350K .......... .......... .......... .......... .......... 17% 2.46M 2s
  3400K .......... .......... .......... .......... .......... 17%  341M 2s
  3450K .......... .......... .......... .......... .......... 17% 2.47M 2s
  3500K .......... .......... .......... .......... .......... 18% 2.45M 2s
  3550K .......... .......... .......... .......... .......... 18% 86.5M 2s
  3600K .......... .......... .......... .......... .......... 18% 2.48M 2s
  3650K .......... .......... .......... .......... .......... 18% 89.7M 2s
  3700K .......... .......... .......... .......... .......... 19%  160M 2s
  3750K .......... .......... .......... .......... .......... 19% 2.38M 2s
  3800K .......... .......... .......... .......... .......... 19% 64.9M 2s
  3850K .......... .......... .......... .......... .......... 19%  124M 2s
  3900K .......... .......... .......... .......... .......... 20% 7.00M 2s
  3950K .......... .......... .......... .......... .......... 20%  433M 2s
  4000K .......... .......... .......... .......... .......... 20%  390M 2s
  4050K .......... .......... .......... .......... .......... 20%  419M 2s
  4100K .......... .......... .......... .......... .......... 21%  500M 2s
  4150K .......... .......... .......... .......... .......... 21% 5.02M 2s
  4200K .......... .......... .......... .......... .......... 21%  271M 2s
  4250K .......... .......... .......... .......... .......... 22% 2.46M 2s
  4300K .......... .......... .......... .......... .......... 22%  205M 2s
  4350K .......... .......... .......... .......... .......... 22%  155M 2s
  4400K .......... .......... .......... .......... .......... 22% 2.37M 2s
  4450K .......... .......... .......... .......... .......... 23%  307M 2s
  4500K .......... .......... .......... .......... .......... 23%  490M 2s
  4550K .......... .......... .......... .......... .......... 23%  519M 2s
  4600K .......... .......... .......... .......... .......... 23% 2.37M 2s
  4650K .......... .......... .......... .......... .......... 24%  106M 2s
  4700K .......... .......... .......... .......... .......... 24%  114M 2s
  4750K .......... .......... .......... .......... .......... 24% 29.4M 2s
  4800K .......... .......... .......... .......... .......... 24% 3.19M 2s
  4850K .......... .......... .......... .......... .......... 25% 66.0M 2s
  4900K .......... .......... .......... .......... .......... 25% 52.0M 1s
  4950K .......... .......... .......... .......... .......... 25% 19.0M 1s
  5000K .......... .......... .......... .......... .......... 25% 21.0M 1s
  5050K .......... .......... .......... .......... .......... 26% 32.1M 1s
  5100K .......... .......... .......... .......... .......... 26% 1.48M 2s
  5150K .......... .......... .......... .......... .......... 26% 24.4M 2s
  5200K .......... .......... .......... .......... .......... 26% 24.8M 2s
  5250K .......... .......... .......... .......... .......... 27% 28.3M 1s
  5300K .......... .......... .......... .......... .......... 27%  146M 1s
  5350K .......... .......... .......... .......... .......... 27%  148M 1s
  5400K .......... .......... .......... .......... .......... 27%  168M 1s
  5450K .......... .......... .......... .......... .......... 28% 8.58M 1s
  5500K .......... .......... .......... .......... .......... 28% 6.40M 1s
  5550K .......... .......... .......... .......... .......... 28% 70.5M 1s
  5600K .......... .......... .......... .......... .......... 28%  144M 1s
  5650K .......... .......... .......... .......... .......... 29%  141M 1s
  5700K .......... .......... .......... .......... .......... 29%  147M 1s
  5750K .......... .......... .......... .......... .......... 29%  148M 1s
  5800K .......... .......... .......... .......... .......... 29%  167M 1s
  5850K .......... .......... .......... .......... .......... 30% 39.4M 1s
  5900K .......... .......... .......... .......... .......... 30%  144M 1s
  5950K .......... .......... .......... .......... .......... 30%  148M 1s
  6000K .......... .......... .......... .......... .......... 30%  147M 1s
  6050K .......... .......... .......... .......... .......... 31%  147M 1s
  6100K .......... .......... .......... .......... .......... 31%  142M 1s
  6150K .......... .......... .......... .......... .......... 31%  149M 1s
  6200K .......... .......... .......... .......... .......... 31% 1.46M 1s
  6250K .......... .......... .......... .......... .......... 32% 70.9M 1s
  6300K .......... .......... .......... .......... .......... 32% 5.96M 1s
  6350K .......... .......... .......... .......... .......... 32% 29.6M 1s
  6400K .......... .......... .......... .......... .......... 33% 5.12M 1s
  6450K .......... .......... .......... .......... .......... 33% 68.1M 1s
  6500K .......... .......... .......... .......... .......... 33% 12.5M 1s
  6550K .......... .......... .......... .......... .......... 33% 1.39M 1s
  6600K .......... .......... .......... .......... .......... 34% 31.9M 1s
  6650K .......... .......... .......... .......... .......... 34% 33.1M 1s
  6700K .......... .......... .......... .......... .......... 34% 18.0M 1s
  6750K .......... .......... .......... .......... .......... 34% 22.9M 1s
  6800K .......... .......... .......... .......... .......... 35% 31.3M 1s
  6850K .......... .......... .......... .......... .......... 35% 29.7M 1s
  6900K .......... .......... .......... .......... .......... 35%  134M 1s
  6950K .......... .......... .......... .......... .......... 35%  139M 1s
  7000K .......... .......... .......... .......... .......... 36% 5.69M 1s
  7050K .......... .......... .......... .......... .......... 36% 96.2M 1s
  7100K .......... .......... .......... .......... .......... 36%  169M 1s
  7150K .......... .......... .......... .......... .......... 36%  148M 1s
  7200K .......... .......... .......... .......... .......... 37%  145M 1s
  7250K .......... .......... .......... .......... .......... 37%  133M 1s
  7300K .......... .......... .......... .......... .......... 37% 43.1M 1s
  7350K .......... .......... .......... .......... .......... 37% 2.90M 1s
  7400K .......... .......... .......... .......... .......... 38%  141M 1s
  7450K .......... .......... .......... .......... .......... 38%  149M 1s
  7500K .......... .......... .......... .......... .......... 38% 36.9M 1s
  7550K .......... .......... .......... .......... .......... 38% 77.0M 1s
  7600K .......... .......... .......... .......... .......... 39%  146M 1s
  7650K .......... .......... .......... .......... .......... 39%  148M 1s
  7700K .......... .......... .......... .......... .......... 39%  142M 1s
  7750K .......... .......... .......... .......... .......... 39%  144M 1s
  7800K .......... .......... .......... .......... .......... 40%  147M 1s
  7850K .......... .......... .......... .......... .......... 40%  143M 1s
  7900K .......... .......... .......... .......... .......... 40% 40.3M 1s
  7950K .......... .......... .......... .......... .......... 40% 83.8M 1s
  8000K .......... .......... .......... .......... .......... 41%  147M 1s
  8050K .......... .......... .......... .......... .......... 41%  148M 1s
  8100K .......... .......... .......... .......... .......... 41% 17.0M 1s
  8150K .......... .......... .......... .......... .......... 41%  147M 1s
  8200K .......... .......... .......... .......... .......... 42%  147M 1s
  8250K .......... .......... .......... .......... .......... 42%  144M 1s
  8300K .......... .......... .......... .......... .......... 42%  149M 1s
  8350K .......... .......... .......... .......... .......... 42%  162M 1s
  8400K .......... .......... .......... .......... .......... 43%  148M 1s
  8450K .......... .......... .......... .......... .......... 43% 5.76M 1s
  8500K .......... .......... .......... .......... .......... 43% 21.4M 1s
  8550K .......... .......... .......... .......... .......... 44%  140M 1s
  8600K .......... .......... .......... .......... .......... 44%  148M 1s
  8650K .......... .......... .......... .......... .......... 44% 36.5M 1s
  8700K .......... .......... .......... .......... .......... 44%  459M 1s
  8750K .......... .......... .......... .......... .......... 45%  551M 1s
  8800K .......... .......... .......... .......... .......... 45%  543M 1s
  8850K .......... .......... .......... .......... .......... 45%  487M 1s
  8900K .......... .......... .......... .......... .......... 45%  489M 1s
  8950K .......... .......... .......... .......... .......... 46%  488M 1s
  9000K .......... .......... .......... .......... .......... 46%  488M 1s
  9050K .......... .......... .......... .......... .......... 46%  435M 1s
  9100K .......... .......... .......... .......... .......... 46%  478M 1s
  9150K .......... .......... .......... .......... .......... 47%  485M 1s
  9200K .......... .......... .......... .......... .......... 47%  530M 1s
  9250K .......... .......... .......... .......... .......... 47%  498M 1s
  9300K .......... .......... .......... .......... .......... 47%  493M 1s
  9350K .......... .......... .......... .......... .......... 48%  498M 1s
  9400K .......... .......... .......... .......... .......... 48%  493M 1s
  9450K .......... .......... .......... .......... .......... 48%  479M 1s
  9500K .......... .......... .......... .......... .......... 48%  488M 1s
  9550K .......... .......... .......... .......... .......... 49%  502M 1s
  9600K .......... .......... .......... .......... .......... 49%  478M 1s
  9650K .......... .......... .......... .......... .......... 49%  491M 1s
  9700K .......... .......... .......... .......... .......... 49%  483M 1s
  9750K .......... .......... .......... .......... .......... 50%  500M 1s
  9800K .......... .......... .......... .......... .......... 50%  497M 1s
  9850K .......... .......... .......... .......... .......... 50%  507M 1s
  9900K .......... .......... .......... .......... .......... 50%  509M 1s
  9950K .......... .......... .......... .......... .......... 51%  496M 1s
 10000K .......... .......... .......... .......... .......... 51%  443M 1s
 10050K .......... .......... .......... .......... .......... 51%  511M 1s
 10100K .......... .......... .......... .......... .......... 51%  475M 1s
 10150K .......... .......... .......... .......... .......... 52%  504M 1s
 10200K .......... .......... .......... .......... .......... 52%  486M 1s
 10250K .......... .......... .......... .......... .......... 52%  101M 1s
 10300K .......... .......... .......... .......... .......... 52%  498M 1s
 10350K .......... .......... .......... .......... .......... 53%  502M 1s
 10400K .......... .......... .......... .......... .......... 53%  502M 1s
 10450K .......... .......... .......... .......... .......... 53%  559M 1s
 10500K .......... .......... .......... .......... .......... 54%  555M 1s
 10550K .......... .......... .......... .......... .......... 54%  500M 1s
 10600K .......... .......... .......... .......... .......... 54%  486M 1s
 10650K .......... .......... .......... .......... .......... 54%  466M 1s
 10700K .......... .......... .......... .......... .......... 55%  487M 1s
 10750K .......... .......... .......... .......... .......... 55%  493M 1s
 10800K .......... .......... .......... .......... .......... 55%  501M 1s
 10850K .......... .......... .......... .......... .......... 55%  498M 1s
 10900K .......... .......... .......... .......... .......... 56%  541M 1s
 10950K .......... .......... .......... .......... .......... 56%  489M 1s
 11000K .......... .......... .......... .......... .......... 56%  503M 1s
 11050K .......... .......... .......... .......... .......... 56% 1.62M 1s
 11100K .......... .......... .......... .......... .......... 57%  144M 1s
 11150K .......... .......... .......... .......... .......... 57% 81.4M 1s
 11200K .......... .......... .......... .......... .......... 57% 14.5M 1s
 11250K .......... .......... .......... .......... .......... 57% 15.6M 1s
 11300K .......... .......... .......... .......... .......... 58%  143M 1s
 11350K .......... .......... .......... .......... .......... 58%  169M 1s
 11400K .......... .......... .......... .......... .......... 58% 24.3M 1s
 11450K .......... .......... .......... .......... .......... 58%  142M 1s
 11500K .......... .......... .......... .......... .......... 59%  148M 1s
 11550K .......... .......... .......... .......... .......... 59%  148M 1s
 11600K .......... .......... .......... .......... .......... 59%  146M 1s
 11650K .......... .......... .......... .......... .......... 59% 5.36M 1s
 11700K .......... .......... .......... .......... .......... 60%  114M 1s
 11750K .......... .......... .......... .......... .......... 60% 11.9M 1s
 11800K .......... .......... .......... .......... .......... 60% 62.4M 1s
 11850K .......... .......... .......... .......... .......... 60%  141M 1s
 11900K .......... .......... .......... .......... .......... 61% 8.10M 1s
 11950K .......... .......... .......... .......... .......... 61% 61.9M 1s
 12000K .......... .......... .......... .......... .......... 61% 1.31M 1s
 12050K .......... .......... .......... .......... .......... 61%  145M 1s
 12100K .......... .......... .......... .......... .......... 62% 13.7M 1s
 12150K .......... .......... .......... .......... .......... 62%  125M 1s
 12200K .......... .......... .......... .......... .......... 62%  167M 1s
 12250K .......... .......... .......... .......... .......... 62% 30.2M 0s
 12300K .......... .......... .......... .......... .......... 63% 3.55M 0s
 12350K .......... .......... .......... .......... .......... 63%  142M 0s
 12400K .......... .......... .......... .......... .......... 63% 88.0M 0s
 12450K .......... .......... .......... .......... .......... 63%  105M 0s
 12500K .......... .......... .......... .......... .......... 64%  147M 0s
 12550K .......... .......... .......... .......... .......... 64% 2.69M 0s
 12600K .......... .......... .......... .......... .......... 64%  149M 0s
 12650K .......... .......... .......... .......... .......... 65%  143M 0s
 12700K .......... .......... .......... .......... .......... 65% 39.3M 0s
 12750K .......... .......... .......... .......... .......... 65% 69.3M 0s
 12800K .......... .......... .......... .......... .......... 65%  140M 0s
 12850K .......... .......... .......... .......... .......... 66%  146M 0s
 12900K .......... .......... .......... .......... .......... 66%  147M 0s
 12950K .......... .......... .......... .......... .......... 66%  136M 0s
 13000K .......... .......... .......... .......... .......... 66% 22.0M 0s
 13050K .......... .......... .......... .......... .......... 67%  126M 0s
 13100K .......... .......... .......... .......... .......... 67%  147M 0s
 13150K .......... .......... .......... .......... .......... 67% 89.1M 0s
 13200K .......... .......... .......... .......... .......... 67% 17.5M 0s
 13250K .......... .......... .......... .......... .......... 68%  148M 0s
 13300K .......... .......... .......... .......... .......... 68%  148M 0s
 13350K .......... .......... .......... .......... .......... 68%  149M 0s
 13400K .......... .......... .......... .......... .......... 68%  145M 0s
 13450K .......... .......... .......... .......... .......... 69%  162M 0s
 13500K .......... .......... .......... .......... .......... 69% 5.94M 0s
 13550K .......... .......... .......... .......... .......... 69% 97.1M 0s
 13600K .......... .......... .......... .......... .......... 69% 99.1M 0s
 13650K .......... .......... .......... .......... .......... 70%  147M 0s
 13700K .......... .......... .......... .......... .......... 70%  140M 0s
 13750K .......... .......... .......... .......... .......... 70%  147M 0s
 13800K .......... .......... .......... .......... .......... 70%  144M 0s
 13850K .......... .......... .......... .......... .......... 71%  156M 0s
 13900K .......... .......... .......... .......... .......... 71%  154M 0s
 13950K .......... .......... .......... .......... .......... 71% 38.7M 0s
 14000K .......... .......... .......... .......... .......... 71% 73.4M 0s
 14050K .......... .......... .......... .......... .......... 72%  116M 0s
 14100K .......... .......... .......... .......... .......... 72% 42.9M 0s
 14150K .......... .......... .......... .......... .......... 72% 13.7M 0s
 14200K .......... .......... .......... .......... .......... 72%  147M 0s
 14250K .......... .......... .......... .......... .......... 73% 5.02M 0s
 14300K .......... .......... .......... .......... .......... 73%  154M 0s
 14350K .......... .......... .......... .......... .......... 73% 43.2M 0s
 14400K .......... .......... .......... .......... .......... 73% 25.9M 0s
 14450K .......... .......... .......... .......... .......... 74%  148M 0s
 14500K .......... .......... .......... .......... .......... 74%  144M 0s
 14550K .......... .......... .......... .......... .......... 74%  148M 0s
 14600K .......... .......... .......... .......... .......... 74%  138M 0s
 14650K .......... .......... .......... .......... .......... 75% 44.9M 0s
 14700K .......... .......... .......... .......... .......... 75%  117M 0s
 14750K .......... .......... .......... .......... .......... 75% 3.54M 0s
 14800K .......... .......... .......... .......... .......... 76%  149M 0s
 14850K .......... .......... .......... .......... .......... 76%  149M 0s
 14900K .......... .......... .......... .......... .......... 76%  144M 0s
 14950K .......... .......... .......... .......... .......... 76%  148M 0s
 15000K .......... .......... .......... .......... .......... 77%  146M 0s
 15050K .......... .......... .......... .......... .......... 77%  145M 0s
 15100K .......... .......... .......... .......... .......... 77%  149M 0s
 15150K .......... .......... .......... .......... .......... 77%  169M 0s
 15200K .......... .......... .......... .......... .......... 78%  149M 0s
 15250K .......... .......... .......... .......... .......... 78%  145M 0s
 15300K .......... .......... .......... .......... .......... 78%  149M 0s
 15350K .......... .......... .......... .......... .......... 78%  149M 0s
 15400K .......... .......... .......... .......... .......... 79%  150M 0s
 15450K .......... .......... .......... .......... .......... 79%  144M 0s
 15500K .......... .......... .......... .......... .......... 79% 17.2M 0s
 15550K .......... .......... .......... .......... .......... 79% 3.85M 0s
 15600K .......... .......... .......... .......... .......... 80%  169M 0s
 15650K .......... .......... .......... .......... .......... 80%  149M 0s
 15700K .......... .......... .......... .......... .......... 80%  148M 0s
 15750K .......... .......... .......... .......... .......... 80%  137M 0s
 15800K .......... .......... .......... .......... .......... 81%  147M 0s
 15850K .......... .......... .......... .......... .......... 81%  148M 0s
 15900K .......... .......... .......... .......... .......... 81%  148M 0s
 15950K .......... .......... .......... .......... .......... 81%  144M 0s
 16000K .......... .......... .......... .......... .......... 82%  168M 0s
 16050K .......... .......... .......... .......... .......... 82%  149M 0s
 16100K .......... .......... .......... .......... .......... 82%  145M 0s
 16150K .......... .......... .......... .......... .......... 82%  148M 0s
 16200K .......... .......... .......... .......... .......... 83%  148M 0s
 16250K .......... .......... .......... .......... .......... 83%  146M 0s
 16300K .......... .......... .......... .......... .......... 83% 3.19M 0s
 16350K .......... .......... .......... .......... .......... 83%  146M 0s
 16400K .......... .......... .......... .......... .......... 84%  150M 0s
 16450K .......... .......... .......... .......... .......... 84%  166M 0s
 16500K .......... .......... .......... .......... .......... 84%  148M 0s
 16550K .......... .......... .......... .......... .......... 84%  145M 0s
 16600K .......... .......... .......... .......... .......... 85%  143M 0s
 16650K .......... .......... .......... .......... .......... 85%  148M 0s
 16700K .......... .......... .......... .......... .......... 85%  148M 0s
 16750K .......... .......... .......... .......... .......... 85%  148M 0s
 16800K .......... .......... .......... .......... .......... 86%  143M 0s
 16850K .......... .......... .......... .......... .......... 86%  167M 0s
 16900K .......... .......... .......... .......... .......... 86%  149M 0s
 16950K .......... .......... .......... .......... .......... 87%  143M 0s
 17000K .......... .......... .......... .......... .......... 87%  147M 0s
 17050K .......... .......... .......... .......... .......... 87%  148M 0s
 17100K .......... .......... .......... .......... .......... 87%  148M 0s
 17150K .......... .......... .......... .......... .......... 88%  140M 0s
 17200K .......... .......... .......... .......... .......... 88%  146M 0s
 17250K .......... .......... .......... .......... .......... 88% 11.8M 0s
 17300K .......... .......... .......... .......... .......... 88%  163M 0s
 17350K .......... .......... .......... .......... .......... 89%  147M 0s
 17400K .......... .......... .......... .......... .......... 89%  148M 0s
 17450K .......... .......... .......... .......... .......... 89%  147M 0s
 17500K .......... .......... .......... .......... .......... 89%  144M 0s
 17550K .......... .......... .......... .......... .......... 90%  147M 0s
 17600K .......... .......... .......... .......... .......... 90%  148M 0s
 17650K .......... .......... .......... .......... .......... 90%  144M 0s
 17700K .......... .......... .......... .......... .......... 90%  168M 0s
 17750K .......... .......... .......... .......... .......... 91%  147M 0s
 17800K .......... .......... .......... .......... .......... 91% 7.46M 0s
 17850K .......... .......... .......... .......... .......... 91% 55.0M 0s
 17900K .......... .......... .......... .......... .......... 91%  147M 0s
 17950K .......... .......... .......... .......... .......... 92%  135M 0s
 18000K .......... .......... .......... .......... .......... 92% 4.84M 0s
 18050K .......... .......... .......... .......... .......... 92%  147M 0s
 18100K .......... .......... .......... .......... .......... 92%  150M 0s
 18150K .......... .......... .......... .......... .......... 93%  168M 0s
 18200K .......... .......... .......... .......... .......... 93%  148M 0s
 18250K .......... .......... .......... .......... .......... 93%  146M 0s
 18300K .......... .......... .......... .......... .......... 93% 7.10M 0s
 18350K .......... .......... .......... .......... .......... 94%  147M 0s
 18400K .......... .......... .......... .......... .......... 94%  122M 0s
 18450K .......... .......... .......... .......... .......... 94%  145M 0s
 18500K .......... .......... .......... .......... .......... 94%  144M 0s
 18550K .......... .......... .......... .......... .......... 95%  160M 0s
 18600K .......... .......... .......... .......... .......... 95%  148M 0s
 18650K .......... .......... .......... .......... .......... 95%  145M 0s
 18700K .......... .......... .......... .......... .......... 95%  147M 0s
 18750K .......... .......... .......... .......... .......... 96% 2.83M 0s
 18800K .......... .......... .......... .......... .......... 96%  146M 0s
 18850K .......... .......... .......... .......... .......... 96%  147M 0s
 18900K .......... .......... .......... .......... .......... 96%  143M 0s
 18950K .......... .......... .......... .......... .......... 97%  151M 0s
 19000K .......... .......... .......... .......... .......... 97%  158M 0s
 19050K .......... .......... .......... .......... .......... 97%  147M 0s
 19100K .......... .......... .......... .......... .......... 98%  143M 0s
 19150K .......... .......... .......... .......... .......... 98%  147M 0s
 19200K .......... .......... .......... .......... .......... 98%  148M 0s
 19250K .......... .......... .......... .......... .......... 98%  146M 0s
 19300K .......... .......... .......... .......... .......... 99%  143M 0s
 19350K .......... .......... .......... .......... .......... 99%  148M 0s
 19400K .......... .......... .......... .......... .......... 99%  168M 0s
 19450K .......... .......... .......... .......... .......... 99%  143M 0s
 19500K .......... .......... .......... ......               100%  124M=1.0s

2024-11-29 12:59:50 (18.3 MB/s) - ‘/tmp/platform-engine.zip’ saved [20005151/20005151]

Archive:  /tmp/platform-engine.zip
  inflating: /opt/elasticbeanstalk/bin/platform-engine  
  inflating: /opt/elasticbeanstalk/bin/publishlogs  
  inflating: /opt/elasticbeanstalk/bin/get-config  
  inflating: /opt/elasticbeanstalk/config/private/aws-eb-command-handler.conf  
  inflating: /opt/elasticbeanstalk/config/private/cfn-hup-wrapper  
  inflating: /opt/elasticbeanstalk/config/private/cfn-hup.conf.template  
  inflating: /opt/elasticbeanstalk/config/private/containercommandsupport/container-defaults.sh  
  inflating: /opt/elasticbeanstalk/config/private/containercommandsupport/leader-test.sh  
  inflating: /opt/elasticbeanstalk/config/private/eb-banner.template  
  inflating: /opt/elasticbeanstalk/config/private/guidlocking/repo.py  
  inflating: /opt/elasticbeanstalk/config/private/healthd/config.yaml.template  
  inflating: /opt/elasticbeanstalk/config/private/healthd/healthd_httpd.conf  
  inflating: /opt/elasticbeanstalk/config/private/healthd/healthd_logformat.conf  
  inflating: /opt/elasticbeanstalk/config/private/healthd/healthd_nginx.conf  
  inflating: /opt/elasticbeanstalk/config/private/healthd/logcleanup-cron.template  
  inflating: /opt/elasticbeanstalk/config/private/healthd/healthddependency  
  inflating: /opt/elasticbeanstalk/config/private/httpd/applicationport.conf.template  
  inflating: /opt/elasticbeanstalk/config/private/httpd/gzip.conf  
  inflating: /opt/elasticbeanstalk/config/private/httpd/staticfilesmapping.conf.template  
  inflating: /opt/elasticbeanstalk/config/private/httpd/httpd.conf.template  
  inflating: /opt/elasticbeanstalk/config/private/logrotate/logrotate-cron.template  
  inflating: /opt/elasticbeanstalk/config/private/logrotate/logrotate.template  
  inflating: /opt/elasticbeanstalk/config/private/logtasks/cron/publishlogs  
  inflating: /opt/elasticbeanstalk/config/private/nginx/applicationport.conf.template  
  inflating: /opt/elasticbeanstalk/config/private/nginx/nginx.conf.template  
  inflating: /opt/elasticbeanstalk/config/private/nginx/staticfilesmapping.conf.template  
  inflating: /opt/elasticbeanstalk/config/private/python/sitecustomize.py  
 extracting: /opt/elasticbeanstalk/config/private/restartcfn.sh  
  inflating: /opt/elasticbeanstalk/config/private/restartcloudwatchagent.sh  
  inflating: /opt/elasticbeanstalk/config/private/rsyslog.conf.template  
  inflating: /opt/elasticbeanstalk/config/private/ruby_common_env  
  inflating: /opt/elasticbeanstalk/config/private/sqsd/default.yaml.template  
  inflating: /opt/elasticbeanstalk/config/private/sqsd/sqsdversion.json  
  inflating: /opt/elasticbeanstalk/config/private/systemd-append.template  
 extracting: /opt/elasticbeanstalk/config/private/aws-eb.target  
  inflating: /opt/elasticbeanstalk/config/private/systemd.template  
  inflating: /opt/elasticbeanstalk/tasks/bundlelogs.d/cfn-system.conf  
 extracting: /opt/elasticbeanstalk/tasks/bundlelogs.d/cloud-init-system.conf  
  inflating: /opt/elasticbeanstalk/tasks/bundlelogs.d/eb-app.conf  
 extracting: /opt/elasticbeanstalk/tasks/bundlelogs.d/eb-hooks.conf  
  inflating: /opt/elasticbeanstalk/tasks/bundlelogs.d/eb-system.conf  
 extracting: /opt/elasticbeanstalk/tasks/bundlelogs.d/rotate.conf  
  inflating: /opt/elasticbeanstalk/tasks/bundlelogs.d/system.conf  
 extracting: /opt/elasticbeanstalk/tasks/publishlogs.d/eb-app.conf  
  inflating: /opt/elasticbeanstalk/tasks/taillogs.d/eb-app.conf  
  inflating: /opt/elasticbeanstalk/tasks/taillogs.d/eb-engine.conf  
[2024-11-29T12:59:55.101Z] Successfully bootstrapped instance.
[2024-11-29T12:59:55.116Z] Sending signal 0 to CFN wait condition https://cloudformation-waitcondition-us-east-1.s3.amazonaws.com/arn%3Aaws%3Acloudformation%3Aus-east-1%3A677045937080%3Astack/awseb-e-phgumpyagn-stack/b301ac30-ae51-11ef-a20a-0afffbbc4823/b303cf10-ae51-11ef-a20a-0afffbbc4823/AWSEBInstanceLaunchWaitHandle?X-Amz-Algorithm=AWS4-HMAC-SHA256&X-Amz-Date=20241129T125903Z&X-Amz-SignedHeaders=host&X-Amz-Expires=86399&X-Amz-Credential=AKIA6L7Q4OWT3JRXU3BZ%2F20241129%2Fus-east-1%2Fs3%2Faws4_request&X-Amz-Signature=2a2d3ceaf9337266903c280e493a9fc23fe1b61b05174abb1dbbbf67df5625e9
CloudFormation signaled successfully with status SUCCESS
[2024-11-29T12:59:55.894Z] Tailing /var/log/eb-commandprocessor.log

******************* eb-commandprocessor taillog *******************
***eb-commandprocessor is not available yet.***
******************* End of taillog *******************


[2024-11-29T12:59:55.908Z] Tailing /var/log/eb-activity.log

******************* eb-activity taillog *******************
***eb-activity is not available yet.***
******************* End of taillog *******************


[2024-11-29T12:59:55.925Z] Tailing /var/log/eb-tools.log

******************* eb-tools taillog *******************
***eb-tools is not available yet.***
******************* End of taillog *******************


[2024-11-29T12:59:55.942Z] Tailing /var/log/eb-version-deployment.log

******************* eb-version-deployment taillog *******************
***eb-version-deployment is not available yet.***
******************* End of taillog *******************


[2024-11-29T12:59:55.962Z] Tailing /var/log/cfn-init.log

******************* cfn-init taillog *******************
2024-11-29 12:59:48,896 [INFO] -----------------------Starting build-----------------------
2024-11-29 12:59:48,903 [INFO] Running configSets: _OnInstanceBoot
2024-11-29 12:59:48,907 [INFO] Running configSet _OnInstanceBoot
2024-11-29 12:59:48,912 [INFO] Running config AWSEBBaseConfig
2024-11-29 12:59:49,372 [INFO] Command clearbackupfiles succeeded
2024-11-29 12:59:49,375 [INFO] Running config AWSEBCfnHupEndpointOverride
2024-11-29 12:59:49,384 [INFO] Command clearbackupfiles succeeded
2024-11-29 12:59:49,385 [INFO] ConfigSets completed
2024-11-29 12:59:49,385 [INFO] -----------------------Build complete-----------------------
******************* End of taillog *******************


[2024-11-29T12:59:56.002Z] Tailing /var/log/cfn-hup.log

******************* cfn-hup taillog *******************
2024-11-29 12:59:55,623 [DEBUG] CloudFormation client initialized with endpoint https://cloudformation.us-east-1.amazonaws.com
2024-11-29 12:59:55,623 [DEBUG] SQS client initialized with endpoint https://sqs.us-east-1.amazonaws.com
2024-11-29 12:59:55,623 [DEBUG] CloudFormation client initialized with endpoint https://cloudformation.us-east-1.amazonaws.com
2024-11-29 12:59:55,623 [DEBUG] Enabled single threading mode.
2024-11-29 12:59:55,623 [DEBUG] Creating /var/lib/cfn-hup/data
2024-11-29 12:59:55,633 [INFO] No umask value specified in config file. Using the default one: 0o22
2024-11-29 12:59:55,761 [INFO] Pid: 2368
******************* End of taillog *******************


[2024-11-29T12:59:56.032Z] Completed EB Bootstrapping Script.
+ RESULT=0
+ [[ 0 -ne 0 ]]
+ exit 0
